\BOOKMARK [1][-]{section.1}{Introduction}{}% 1
\BOOKMARK [1][-]{section.2}{Background}{}% 2
\BOOKMARK [2][-]{subsection.2.1}{Startup and Entrepreneurship}{section.2}% 3
\BOOKMARK [2][-]{subsection.2.2}{Software Development in Startups}{section.2}% 4
\BOOKMARK [1][-]{section.3}{Research methodology}{}% 5
\BOOKMARK [2][-]{subsection.3.1}{Research Questions}{section.3}% 6
\BOOKMARK [2][-]{subsection.3.2}{Research process overview}{section.3}% 7
\BOOKMARK [2][-]{subsection.3.3}{Retrieving and screening articles}{section.3}% 8
\BOOKMARK [2][-]{subsection.3.4}{Mapping}{section.3}% 9
\BOOKMARK [2][-]{subsection.3.5}{Data extraction}{section.3}% 10
\BOOKMARK [2][-]{subsection.3.6}{Rigor and relevance assessment}{section.3}% 11
\BOOKMARK [2][-]{subsection.3.7}{Ranking of articles}{section.3}% 12
\BOOKMARK [2][-]{subsection.3.8}{Threats to validity}{section.3}% 13
\BOOKMARK [3][-]{subsubsection.3.8.1}{Publication bias}{subsection.3.8}% 14
\BOOKMARK [3][-]{subsubsection.3.8.2}{Threat to identification of primary studies}{subsection.3.8}% 15
\BOOKMARK [3][-]{subsubsection.3.8.3}{Threats to study selection and data extraction}{subsection.3.8}% 16
\BOOKMARK [1][-]{section.4}{Classification schema}{}% 17
\BOOKMARK [1][-]{section.5}{Results}{}% 18
\BOOKMARK [2][-]{subsection.5.1}{Publication distribution}{section.5}% 19
\BOOKMARK [2][-]{subsection.5.2}{Contextual features of startups}{section.5}% 20
\BOOKMARK [2][-]{subsection.5.3}{Rigor and relevance}{section.5}% 21
\BOOKMARK [1][-]{section.6}{Analysis of the state-of-the-art}{}% 22
\BOOKMARK [2][-]{subsection.6.1}{Topics treated in the literature}{section.6}% 23
\BOOKMARK [2][-]{subsection.6.2}{Systematic map and distribution}{section.6}% 24
\BOOKMARK [2][-]{subsection.6.3}{Rigor and Relevance}{section.6}% 25
\BOOKMARK [2][-]{subsection.6.4}{Defining startups}{section.6}% 26
\BOOKMARK [2][-]{subsection.6.5}{Summary of findings}{section.6}% 27
\BOOKMARK [1][-]{section.7}{Work Practices in startups}{}% 28
\BOOKMARK [2][-]{subsection.7.1}{Overview of Software development in Startups}{section.7}% 29
\BOOKMARK [2][-]{subsection.7.2}{Process management practices}{section.7}% 30
\BOOKMARK [2][-]{subsection.7.3}{Software development practices}{section.7}% 31
\BOOKMARK [3][-]{subsubsection.7.3.1}{Requirements Engineering}{subsection.7.3}% 32
\BOOKMARK [3][-]{subsubsection.7.3.2}{Design and Architecture}{subsection.7.3}% 33
\BOOKMARK [3][-]{subsubsection.7.3.3}{Implementation and maintenance}{subsection.7.3}% 34
\BOOKMARK [3][-]{subsubsection.7.3.4}{Quality Assurance}{subsection.7.3}% 35
\BOOKMARK [3][-]{subsubsection.7.3.5}{Other software development practices}{subsection.7.3}% 36
\BOOKMARK [2][-]{subsection.7.4}{Managerial and organizational practices}{section.7}% 37
\BOOKMARK [2][-]{subsection.7.5}{Other practices}{section.7}% 38
\BOOKMARK [1][-]{section.8}{Conclusions and future work}{}% 39
\BOOKMARK [2][-]{subsection.Alph0.1}{Search Strings}{section.8}% 40
\BOOKMARK [2][-]{subsection.Alph0.2}{Selected studies overview}{section.8}% 41
\BOOKMARK [2][-]{subsection.Alph0.3}{Ranking quantification}{section.8}% 42
\BOOKMARK [2][-]{subsection.Alph0.4}{Work practices extraction}{section.8}% 43
