This is pdfTeX, Version 3.1415926-2.4-1.40.13 (TeX Live 2012) (format=pdflatex 2012.9.24)  25 JAN 2013 08:47
entering extended mode
 restricted \write18 enabled.
 %&-line parsing enabled.
**main-ist.tex
(./main-ist.tex
LaTeX2e <2011/06/27>
Babel <v3.8m> and hyphenation patterns for english, dumylang, nohyphenation, ge
rman-x-2012-05-30, ngerman-x-2012-05-30, afrikaans, ancientgreek, ibycus, arabi
c, armenian, basque, bulgarian, catalan, pinyin, coptic, croatian, czech, danis
h, dutch, ukenglish, usenglishmax, esperanto, estonian, ethiopic, farsi, finnis
h, french, friulan, galician, german, ngerman, swissgerman, monogreek, greek, h
ungarian, icelandic, assamese, bengali, gujarati, hindi, kannada, malayalam, ma
rathi, oriya, panjabi, tamil, telugu, indonesian, interlingua, irish, italian, 
kurmanji, latin, latvian, lithuanian, mongolian, mongolianlmc, bokmal, nynorsk,
 polish, portuguese, romanian, romansh, russian, sanskrit, serbian, serbianc, s
lovak, slovenian, spanish, swedish, turkish, turkmen, ukrainian, uppersorbian, 
welsh, loaded.
(./elsarticle.cls
Document Class: elsarticle 2009/09/17, 1.20b: Elsevier Ltd
\@bls=\dimen102
(/usr/local/texlive/2012/texmf-dist/tex/latex/base/article.cls
Document Class: article 2007/10/19 v1.4h Standard LaTeX document class
(/usr/local/texlive/2012/texmf-dist/tex/latex/base/size10.clo
File: size10.clo 2007/10/19 v1.4h Standard LaTeX file (size option)
)
\c@part=\count79
\c@section=\count80
\c@subsection=\count81
\c@subsubsection=\count82
\c@paragraph=\count83
\c@subparagraph=\count84
\c@figure=\count85
\c@table=\count86
\abovecaptionskip=\skip41
\belowcaptionskip=\skip42
\bibindent=\dimen103
)
(/usr/local/texlive/2012/texmf-dist/tex/latex/graphics/graphicx.sty
Package: graphicx 1999/02/16 v1.0f Enhanced LaTeX Graphics (DPC,SPQR)

(/usr/local/texlive/2012/texmf-dist/tex/latex/graphics/keyval.sty
Package: keyval 1999/03/16 v1.13 key=value parser (DPC)
\KV@toks@=\toks14
)
(/usr/local/texlive/2012/texmf-dist/tex/latex/graphics/graphics.sty
Package: graphics 2009/02/05 v1.0o Standard LaTeX Graphics (DPC,SPQR)

(/usr/local/texlive/2012/texmf-dist/tex/latex/graphics/trig.sty
Package: trig 1999/03/16 v1.09 sin cos tan (DPC)
)
(/usr/local/texlive/2012/texmf-dist/tex/latex/latexconfig/graphics.cfg
File: graphics.cfg 2010/04/23 v1.9 graphics configuration of TeX Live
)
Package graphics Info: Driver file: pdftex.def on input line 91.

(/usr/local/texlive/2012/texmf-dist/tex/latex/pdftex-def/pdftex.def
File: pdftex.def 2011/05/27 v0.06d Graphics/color for pdfTeX

(/usr/local/texlive/2012/texmf-dist/tex/generic/oberdiek/infwarerr.sty
Package: infwarerr 2010/04/08 v1.3 Providing info/warning/error messages (HO)
)
(/usr/local/texlive/2012/texmf-dist/tex/generic/oberdiek/ltxcmds.sty
Package: ltxcmds 2011/11/09 v1.22 LaTeX kernel commands for general use (HO)
)
\Gread@gobject=\count87
))
\Gin@req@height=\dimen104
\Gin@req@width=\dimen105
)
(/usr/local/texlive/2012/texmf-dist/tex/latex/psnfss/pifont.sty
Package: pifont 2005/04/12 PSNFSS-v9.2a Pi font support (SPQR) 
LaTeX Font Info:    Try loading font information for U+pzd on input line 63.

(/usr/local/texlive/2012/texmf-dist/tex/latex/psnfss/upzd.fd
File: upzd.fd 2001/06/04 font definitions for U/pzd.
)
LaTeX Font Info:    Try loading font information for U+psy on input line 64.

(/usr/local/texlive/2012/texmf-dist/tex/latex/psnfss/upsy.fd
File: upsy.fd 2001/06/04 font definitions for U/psy.
))
\c@tnote=\count88
\c@fnote=\count89
\c@cnote=\count90
\c@ead=\count91
\c@author=\count92
\@eadauthor=\toks15
\c@affn=\count93
\absbox=\box26
\keybox=\box27
\Columnwidth=\dimen106
\space@left=\dimen107
\els@boxa=\box28
\els@boxb=\box29
\leftMargin=\dimen108
\@enLab=\toks16
\@sep=\skip43
\@@sep=\skip44
 (./main-ist.spl) (/usr/local/texlive/2012/texmf-dist/tex/latex/natbib/natbib.s
ty
Package: natbib 2010/09/13 8.31b (PWD, AO)
\bibhang=\skip45
\bibsep=\skip46
LaTeX Info: Redefining \cite on input line 694.
\c@NAT@ctr=\count94
)
\splwrite=\write3
\openout3 = `main-ist.spl'.


(/usr/local/texlive/2012/texmf-dist/tex/latex/geometry/geometry.sty
Package: geometry 2010/09/12 v5.6 Page Geometry

(/usr/local/texlive/2012/texmf-dist/tex/generic/oberdiek/ifpdf.sty
Package: ifpdf 2011/01/30 v2.3 Provides the ifpdf switch (HO)
Package ifpdf Info: pdfTeX in PDF mode is detected.
)
(/usr/local/texlive/2012/texmf-dist/tex/generic/oberdiek/ifvtex.sty
Package: ifvtex 2010/03/01 v1.5 Detect VTeX and its facilities (HO)
Package ifvtex Info: VTeX not detected.
)
(/usr/local/texlive/2012/texmf-dist/tex/generic/ifxetex/ifxetex.sty
Package: ifxetex 2010/09/12 v0.6 Provides ifxetex conditional
)
\Gm@cnth=\count95
\Gm@cntv=\count96
\c@Gm@tempcnt=\count97
\Gm@bindingoffset=\dimen109
\Gm@wd@mp=\dimen110
\Gm@odd@mp=\dimen111
\Gm@even@mp=\dimen112
\Gm@layoutwidth=\dimen113
\Gm@layoutheight=\dimen114
\Gm@layouthoffset=\dimen115
\Gm@layoutvoffset=\dimen116
\Gm@dimlist=\toks17
)
(/usr/local/texlive/2012/texmf-dist/tex/latex/base/fleqn.clo
File: fleqn.clo 1998/08/17 v1.1c Standard LaTeX option (flush left equations)
\mathindent=\dimen117
)
\appnamewidth=\dimen118
)
(/usr/local/texlive/2012/texmf-dist/tex/latex/txfonts/txfonts.sty
Package: txfonts 2008/01/22 v3.2.1
LaTeX Font Info:    Redeclaring symbol font `operators' on input line 21.
LaTeX Font Info:    Overwriting symbol font `operators' in version `normal'
(Font)                  OT1/cmr/m/n --> OT1/txr/m/n on input line 21.
LaTeX Font Info:    Overwriting symbol font `operators' in version `bold'
(Font)                  OT1/cmr/bx/n --> OT1/txr/m/n on input line 21.
LaTeX Font Info:    Overwriting symbol font `operators' in version `bold'
(Font)                  OT1/txr/m/n --> OT1/txr/bx/n on input line 22.
\symitalic=\mathgroup4
LaTeX Font Info:    Overwriting symbol font `italic' in version `bold'
(Font)                  OT1/txr/m/it --> OT1/txr/bx/it on input line 26.
LaTeX Font Info:    Redeclaring math alphabet \mathbf on input line 29.
LaTeX Font Info:    Overwriting math alphabet `\mathbf' in version `normal'
(Font)                  OT1/cmr/bx/n --> OT1/txr/bx/n on input line 29.
LaTeX Font Info:    Overwriting math alphabet `\mathbf' in version `bold'
(Font)                  OT1/cmr/bx/n --> OT1/txr/bx/n on input line 29.
LaTeX Font Info:    Redeclaring math alphabet \mathit on input line 30.
LaTeX Font Info:    Overwriting math alphabet `\mathit' in version `normal'
(Font)                  OT1/cmr/m/it --> OT1/txr/m/it on input line 30.
LaTeX Font Info:    Overwriting math alphabet `\mathit' in version `bold'
(Font)                  OT1/cmr/bx/it --> OT1/txr/m/it on input line 30.
LaTeX Font Info:    Overwriting math alphabet `\mathit' in version `bold'
(Font)                  OT1/txr/m/it --> OT1/txr/bx/it on input line 31.
LaTeX Font Info:    Redeclaring math alphabet \mathsf on input line 40.
LaTeX Font Info:    Overwriting math alphabet `\mathsf' in version `normal'
(Font)                  OT1/cmss/m/n --> OT1/txss/m/n on input line 40.
LaTeX Font Info:    Overwriting math alphabet `\mathsf' in version `bold'
(Font)                  OT1/cmss/bx/n --> OT1/txss/m/n on input line 40.
LaTeX Font Info:    Overwriting math alphabet `\mathsf' in version `bold'
(Font)                  OT1/txss/m/n --> OT1/txss/b/n on input line 41.
LaTeX Font Info:    Redeclaring math alphabet \mathtt on input line 50.
LaTeX Font Info:    Overwriting math alphabet `\mathtt' in version `normal'
(Font)                  OT1/cmtt/m/n --> OT1/txtt/m/n on input line 50.
LaTeX Font Info:    Overwriting math alphabet `\mathtt' in version `bold'
(Font)                  OT1/cmtt/m/n --> OT1/txtt/m/n on input line 50.
LaTeX Font Info:    Overwriting math alphabet `\mathtt' in version `bold'
(Font)                  OT1/txtt/m/n --> OT1/txtt/b/n on input line 51.
LaTeX Font Info:    Redeclaring symbol font `letters' on input line 58.
LaTeX Font Info:    Overwriting symbol font `letters' in version `normal'
(Font)                  OML/cmm/m/it --> OML/txmi/m/it on input line 58.
LaTeX Font Info:    Overwriting symbol font `letters' in version `bold'
(Font)                  OML/cmm/b/it --> OML/txmi/m/it on input line 58.
LaTeX Font Info:    Overwriting symbol font `letters' in version `bold'
(Font)                  OML/txmi/m/it --> OML/txmi/bx/it on input line 59.
\symlettersA=\mathgroup5
LaTeX Font Info:    Overwriting symbol font `lettersA' in version `bold'
(Font)                  U/txmia/m/it --> U/txmia/bx/it on input line 67.
LaTeX Font Info:    Redeclaring symbol font `symbols' on input line 77.
LaTeX Font Info:    Overwriting symbol font `symbols' in version `normal'
(Font)                  OMS/cmsy/m/n --> OMS/txsy/m/n on input line 77.
LaTeX Font Info:    Overwriting symbol font `symbols' in version `bold'
(Font)                  OMS/cmsy/b/n --> OMS/txsy/m/n on input line 77.
LaTeX Font Info:    Overwriting symbol font `symbols' in version `bold'
(Font)                  OMS/txsy/m/n --> OMS/txsy/bx/n on input line 78.
\symAMSa=\mathgroup6
LaTeX Font Info:    Overwriting symbol font `AMSa' in version `bold'
(Font)                  U/txsya/m/n --> U/txsya/bx/n on input line 94.
\symAMSb=\mathgroup7
LaTeX Font Info:    Overwriting symbol font `AMSb' in version `bold'
(Font)                  U/txsyb/m/n --> U/txsyb/bx/n on input line 103.
\symsymbolsC=\mathgroup8
LaTeX Font Info:    Overwriting symbol font `symbolsC' in version `bold'
(Font)                  U/txsyc/m/n --> U/txsyc/bx/n on input line 113.
LaTeX Font Info:    Redeclaring symbol font `largesymbols' on input line 120.
LaTeX Font Info:    Overwriting symbol font `largesymbols' in version `normal'
(Font)                  OMX/cmex/m/n --> OMX/txex/m/n on input line 120.
LaTeX Font Info:    Overwriting symbol font `largesymbols' in version `bold'
(Font)                  OMX/cmex/m/n --> OMX/txex/m/n on input line 120.
LaTeX Font Info:    Overwriting symbol font `largesymbols' in version `bold'
(Font)                  OMX/txex/m/n --> OMX/txex/bx/n on input line 121.
\symlargesymbolsA=\mathgroup9
LaTeX Font Info:    Overwriting symbol font `largesymbolsA' in version `bold'
(Font)                  U/txexa/m/n --> U/txexa/bx/n on input line 129.
LaTeX Info: Redefining \not on input line 1043.
)
(/usr/local/texlive/2012/texmf-dist/tex/latex/amsfonts/amssymb.sty
Package: amssymb 2009/06/22 v3.00

(/usr/local/texlive/2012/texmf-dist/tex/latex/amsfonts/amsfonts.sty
Package: amsfonts 2009/06/22 v3.00 Basic AMSFonts support
\@emptytoks=\toks18
LaTeX Font Info:    Redeclaring symbol font `AMSa' on input line 49.
LaTeX Font Info:    Overwriting symbol font `AMSa' in version `normal'
(Font)                  U/txsya/m/n --> U/msa/m/n on input line 49.
LaTeX Font Info:    Overwriting symbol font `AMSa' in version `bold'
(Font)                  U/txsya/bx/n --> U/msa/m/n on input line 49.
LaTeX Font Info:    Redeclaring symbol font `AMSb' on input line 50.
LaTeX Font Info:    Overwriting symbol font `AMSb' in version `normal'
(Font)                  U/txsyb/m/n --> U/msb/m/n on input line 50.
LaTeX Font Info:    Overwriting symbol font `AMSb' in version `bold'
(Font)                  U/txsyb/bx/n --> U/msb/m/n on input line 50.
LaTeX Font Info:    Redeclaring math delimiter \ulcorner on input line 64.
LaTeX Font Info:    Redeclaring math delimiter \urcorner on input line 65.
LaTeX Font Info:    Redeclaring math delimiter \llcorner on input line 66.
LaTeX Font Info:    Redeclaring math delimiter \lrcorner on input line 67.
LaTeX Font Info:    Redeclaring math alphabet \mathfrak on input line 95.
LaTeX Font Info:    Overwriting math alphabet `\mathfrak' in version `bold'
(Font)                  U/euf/m/n --> U/euf/b/n on input line 96.
LaTeX Font Info:    Redeclaring math symbol \square on input line 128.
LaTeX Font Info:    Redeclaring math symbol \lozenge on input line 129.
LaTeX Font Info:    Redeclaring math symbol \vartriangleright on input line 130
.
LaTeX Font Info:    Redeclaring math symbol \vartriangleleft on input line 131.

LaTeX Font Info:    Redeclaring math symbol \trianglerighteq on input line 132.

LaTeX Font Info:    Redeclaring math symbol \trianglelefteq on input line 133.
LaTeX Font Info:    Redeclaring math symbol \rightsquigarrow on input line 134.

)
LaTeX Font Info:    Redeclaring math symbol \boxdot on input line 39.
LaTeX Font Info:    Redeclaring math symbol \boxplus on input line 40.
LaTeX Font Info:    Redeclaring math symbol \boxtimes on input line 41.
LaTeX Font Info:    Redeclaring math symbol \blacksquare on input line 43.
LaTeX Font Info:    Redeclaring math symbol \centerdot on input line 44.
LaTeX Font Info:    Redeclaring math symbol \blacklozenge on input line 46.
LaTeX Font Info:    Redeclaring math symbol \circlearrowright on input line 47.

LaTeX Font Info:    Redeclaring math symbol \circlearrowleft on input line 48.
LaTeX Font Info:    Redeclaring math symbol \leftrightharpoons on input line 51
.
LaTeX Font Info:    Redeclaring math symbol \boxminus on input line 52.
LaTeX Font Info:    Redeclaring math symbol \Vdash on input line 53.
LaTeX Font Info:    Redeclaring math symbol \Vvdash on input line 54.
LaTeX Font Info:    Redeclaring math symbol \vDash on input line 55.
LaTeX Font Info:    Redeclaring math symbol \twoheadrightarrow on input line 56
.
LaTeX Font Info:    Redeclaring math symbol \twoheadleftarrow on input line 57.

LaTeX Font Info:    Redeclaring math symbol \leftleftarrows on input line 58.
LaTeX Font Info:    Redeclaring math symbol \rightrightarrows on input line 59.

LaTeX Font Info:    Redeclaring math symbol \upuparrows on input line 60.
LaTeX Font Info:    Redeclaring math symbol \downdownarrows on input line 61.
LaTeX Font Info:    Redeclaring math symbol \upharpoonright on input line 62.
LaTeX Font Info:    Redeclaring math symbol \downharpoonright on input line 64.

LaTeX Font Info:    Redeclaring math symbol \upharpoonleft on input line 65.
LaTeX Font Info:    Redeclaring math symbol \downharpoonleft on input line 66.
LaTeX Font Info:    Redeclaring math symbol \rightarrowtail on input line 67.
LaTeX Font Info:    Redeclaring math symbol \leftarrowtail on input line 68.
LaTeX Font Info:    Redeclaring math symbol \leftrightarrows on input line 69.
LaTeX Font Info:    Redeclaring math symbol \rightleftarrows on input line 70.
LaTeX Font Info:    Redeclaring math symbol \Lsh on input line 71.
LaTeX Font Info:    Redeclaring math symbol \Rsh on input line 72.
LaTeX Font Info:    Redeclaring math symbol \leftrightsquigarrow on input line 
74.
LaTeX Font Info:    Redeclaring math symbol \looparrowleft on input line 75.
LaTeX Font Info:    Redeclaring math symbol \looparrowright on input line 76.
LaTeX Font Info:    Redeclaring math symbol \circeq on input line 77.
LaTeX Font Info:    Redeclaring math symbol \succsim on input line 78.
LaTeX Font Info:    Redeclaring math symbol \gtrsim on input line 79.
LaTeX Font Info:    Redeclaring math symbol \gtrapprox on input line 80.
LaTeX Font Info:    Redeclaring math symbol \multimap on input line 81.
LaTeX Font Info:    Redeclaring math symbol \therefore on input line 82.
LaTeX Font Info:    Redeclaring math symbol \because on input line 83.
LaTeX Font Info:    Redeclaring math symbol \doteqdot on input line 84.
LaTeX Font Info:    Redeclaring math symbol \triangleq on input line 86.
LaTeX Font Info:    Redeclaring math symbol \precsim on input line 87.
LaTeX Font Info:    Redeclaring math symbol \lesssim on input line 88.
LaTeX Font Info:    Redeclaring math symbol \lessapprox on input line 89.
LaTeX Font Info:    Redeclaring math symbol \eqslantless on input line 90.
LaTeX Font Info:    Redeclaring math symbol \eqslantgtr on input line 91.
LaTeX Font Info:    Redeclaring math symbol \curlyeqprec on input line 92.
LaTeX Font Info:    Redeclaring math symbol \curlyeqsucc on input line 93.
LaTeX Font Info:    Redeclaring math symbol \preccurlyeq on input line 94.
LaTeX Font Info:    Redeclaring math symbol \leqq on input line 95.
LaTeX Font Info:    Redeclaring math symbol \leqslant on input line 96.
LaTeX Font Info:    Redeclaring math symbol \lessgtr on input line 97.
LaTeX Font Info:    Redeclaring math symbol \backprime on input line 98.
LaTeX Font Info:    Redeclaring math symbol \risingdotseq on input line 99.
LaTeX Font Info:    Redeclaring math symbol \fallingdotseq on input line 100.
LaTeX Font Info:    Redeclaring math symbol \succcurlyeq on input line 101.
LaTeX Font Info:    Redeclaring math symbol \geqq on input line 102.
LaTeX Font Info:    Redeclaring math symbol \geqslant on input line 103.
LaTeX Font Info:    Redeclaring math symbol \gtrless on input line 104.
LaTeX Font Info:    Redeclaring math symbol \bigstar on input line 112.
LaTeX Font Info:    Redeclaring math symbol \between on input line 113.
LaTeX Font Info:    Redeclaring math symbol \blacktriangledown on input line 11
4.
LaTeX Font Info:    Redeclaring math symbol \blacktriangleright on input line 1
15.
LaTeX Font Info:    Redeclaring math symbol \blacktriangleleft on input line 11
6.
LaTeX Font Info:    Redeclaring math symbol \vartriangle on input line 117.
LaTeX Font Info:    Redeclaring math symbol \blacktriangle on input line 118.
LaTeX Font Info:    Redeclaring math symbol \triangledown on input line 119.
LaTeX Font Info:    Redeclaring math symbol \eqcirc on input line 120.
LaTeX Font Info:    Redeclaring math symbol \lesseqgtr on input line 121.
LaTeX Font Info:    Redeclaring math symbol \gtreqless on input line 122.
LaTeX Font Info:    Redeclaring math symbol \lesseqqgtr on input line 123.
LaTeX Font Info:    Redeclaring math symbol \gtreqqless on input line 124.
LaTeX Font Info:    Redeclaring math symbol \Rrightarrow on input line 125.
LaTeX Font Info:    Redeclaring math symbol \Lleftarrow on input line 126.
LaTeX Font Info:    Redeclaring math symbol \veebar on input line 127.
LaTeX Font Info:    Redeclaring math symbol \barwedge on input line 128.
LaTeX Font Info:    Redeclaring math symbol \doublebarwedge on input line 129.
LaTeX Font Info:    Redeclaring math symbol \measuredangle on input line 132.
LaTeX Font Info:    Redeclaring math symbol \sphericalangle on input line 133.
LaTeX Font Info:    Redeclaring math symbol \varpropto on input line 134.
LaTeX Font Info:    Redeclaring math symbol \smallsmile on input line 135.
LaTeX Font Info:    Redeclaring math symbol \smallfrown on input line 136.
LaTeX Font Info:    Redeclaring math symbol \Subset on input line 137.
LaTeX Font Info:    Redeclaring math symbol \Supset on input line 138.
LaTeX Font Info:    Redeclaring math symbol \Cup on input line 139.
LaTeX Font Info:    Redeclaring math symbol \Cap on input line 141.
LaTeX Font Info:    Redeclaring math symbol \curlywedge on input line 143.
LaTeX Font Info:    Redeclaring math symbol \curlyvee on input line 144.
LaTeX Font Info:    Redeclaring math symbol \leftthreetimes on input line 145.
LaTeX Font Info:    Redeclaring math symbol \rightthreetimes on input line 146.

LaTeX Font Info:    Redeclaring math symbol \subseteqq on input line 147.
LaTeX Font Info:    Redeclaring math symbol \supseteqq on input line 148.
LaTeX Font Info:    Redeclaring math symbol \bumpeq on input line 149.
LaTeX Font Info:    Redeclaring math symbol \Bumpeq on input line 150.
LaTeX Font Info:    Redeclaring math symbol \lll on input line 151.
LaTeX Font Info:    Redeclaring math symbol \ggg on input line 153.
LaTeX Font Info:    Redeclaring math symbol \circledS on input line 155.
LaTeX Font Info:    Redeclaring math symbol \pitchfork on input line 156.
LaTeX Font Info:    Redeclaring math symbol \dotplus on input line 157.
LaTeX Font Info:    Redeclaring math symbol \backsim on input line 158.
LaTeX Font Info:    Redeclaring math symbol \backsimeq on input line 159.
LaTeX Font Info:    Redeclaring math symbol \complement on input line 160.
LaTeX Font Info:    Redeclaring math symbol \intercal on input line 161.
LaTeX Font Info:    Redeclaring math symbol \circledcirc on input line 162.
LaTeX Font Info:    Redeclaring math symbol \circledast on input line 163.
LaTeX Font Info:    Redeclaring math symbol \circleddash on input line 164.
LaTeX Font Info:    Redeclaring math symbol \lvertneqq on input line 166.
LaTeX Font Info:    Redeclaring math symbol \gvertneqq on input line 167.
LaTeX Font Info:    Redeclaring math symbol \nleq on input line 168.
LaTeX Font Info:    Redeclaring math symbol \ngeq on input line 169.
LaTeX Font Info:    Redeclaring math symbol \nless on input line 170.
LaTeX Font Info:    Redeclaring math symbol \ngtr on input line 171.
LaTeX Font Info:    Redeclaring math symbol \nprec on input line 172.
LaTeX Font Info:    Redeclaring math symbol \nsucc on input line 173.
LaTeX Font Info:    Redeclaring math symbol \lneqq on input line 174.
LaTeX Font Info:    Redeclaring math symbol \gneqq on input line 175.
LaTeX Font Info:    Redeclaring math symbol \nleqslant on input line 176.
LaTeX Font Info:    Redeclaring math symbol \ngeqslant on input line 177.
LaTeX Font Info:    Redeclaring math symbol \lneq on input line 178.
LaTeX Font Info:    Redeclaring math symbol \gneq on input line 179.
LaTeX Font Info:    Redeclaring math symbol \npreceq on input line 180.
LaTeX Font Info:    Redeclaring math symbol \nsucceq on input line 181.
LaTeX Font Info:    Redeclaring math symbol \precnsim on input line 182.
LaTeX Font Info:    Redeclaring math symbol \succnsim on input line 183.
LaTeX Font Info:    Redeclaring math symbol \lnsim on input line 184.
LaTeX Font Info:    Redeclaring math symbol \gnsim on input line 185.
LaTeX Font Info:    Redeclaring math symbol \nleqq on input line 186.
LaTeX Font Info:    Redeclaring math symbol \ngeqq on input line 187.
LaTeX Font Info:    Redeclaring math symbol \precneqq on input line 188.
LaTeX Font Info:    Redeclaring math symbol \succneqq on input line 189.
LaTeX Font Info:    Redeclaring math symbol \precnapprox on input line 190.
LaTeX Font Info:    Redeclaring math symbol \succnapprox on input line 191.
LaTeX Font Info:    Redeclaring math symbol \lnapprox on input line 192.
LaTeX Font Info:    Redeclaring math symbol \gnapprox on input line 193.
LaTeX Font Info:    Redeclaring math symbol \nsim on input line 194.
LaTeX Font Info:    Redeclaring math symbol \ncong on input line 195.
LaTeX Font Info:    Redeclaring math symbol \diagup on input line 196.
LaTeX Font Info:    Redeclaring math symbol \diagdown on input line 197.
LaTeX Font Info:    Redeclaring math symbol \varsubsetneq on input line 198.
LaTeX Font Info:    Redeclaring math symbol \varsupsetneq on input line 199.
LaTeX Font Info:    Redeclaring math symbol \nsubseteqq on input line 200.
LaTeX Font Info:    Redeclaring math symbol \nsupseteqq on input line 201.
LaTeX Font Info:    Redeclaring math symbol \subsetneqq on input line 202.
LaTeX Font Info:    Redeclaring math symbol \supsetneqq on input line 203.
LaTeX Font Info:    Redeclaring math symbol \varsubsetneqq on input line 204.
LaTeX Font Info:    Redeclaring math symbol \varsupsetneqq on input line 205.
LaTeX Font Info:    Redeclaring math symbol \subsetneq on input line 206.
LaTeX Font Info:    Redeclaring math symbol \supsetneq on input line 207.
LaTeX Font Info:    Redeclaring math symbol \nsubseteq on input line 208.
LaTeX Font Info:    Redeclaring math symbol \nsupseteq on input line 209.
LaTeX Font Info:    Redeclaring math symbol \nparallel on input line 210.
LaTeX Font Info:    Redeclaring math symbol \nmid on input line 211.
LaTeX Font Info:    Redeclaring math symbol \nshortmid on input line 212.
LaTeX Font Info:    Redeclaring math symbol \nshortparallel on input line 213.
LaTeX Font Info:    Redeclaring math symbol \nvdash on input line 214.
LaTeX Font Info:    Redeclaring math symbol \nVdash on input line 215.
LaTeX Font Info:    Redeclaring math symbol \nvDash on input line 216.
LaTeX Font Info:    Redeclaring math symbol \nVDash on input line 217.
LaTeX Font Info:    Redeclaring math symbol \ntrianglerighteq on input line 218
.
LaTeX Font Info:    Redeclaring math symbol \ntrianglelefteq on input line 219.

LaTeX Font Info:    Redeclaring math symbol \ntriangleleft on input line 220.
LaTeX Font Info:    Redeclaring math symbol \ntriangleright on input line 221.
LaTeX Font Info:    Redeclaring math symbol \nleftarrow on input line 222.
LaTeX Font Info:    Redeclaring math symbol \nrightarrow on input line 223.
LaTeX Font Info:    Redeclaring math symbol \nLeftarrow on input line 224.
LaTeX Font Info:    Redeclaring math symbol \nRightarrow on input line 225.
LaTeX Font Info:    Redeclaring math symbol \nLeftrightarrow on input line 226.

LaTeX Font Info:    Redeclaring math symbol \nleftrightarrow on input line 227.

LaTeX Font Info:    Redeclaring math symbol \divideontimes on input line 228.
LaTeX Font Info:    Redeclaring math symbol \varnothing on input line 229.
LaTeX Font Info:    Redeclaring math symbol \nexists on input line 230.
LaTeX Font Info:    Redeclaring math symbol \Finv on input line 231.
LaTeX Font Info:    Redeclaring math symbol \Game on input line 232.
LaTeX Font Info:    Redeclaring math symbol \eth on input line 235.
LaTeX Font Info:    Redeclaring math symbol \eqsim on input line 236.
LaTeX Font Info:    Redeclaring math symbol \beth on input line 237.
LaTeX Font Info:    Redeclaring math symbol \gimel on input line 238.
LaTeX Font Info:    Redeclaring math symbol \daleth on input line 239.
LaTeX Font Info:    Redeclaring math symbol \lessdot on input line 240.
LaTeX Font Info:    Redeclaring math symbol \gtrdot on input line 241.
LaTeX Font Info:    Redeclaring math symbol \ltimes on input line 242.
LaTeX Font Info:    Redeclaring math symbol \rtimes on input line 243.
LaTeX Font Info:    Redeclaring math symbol \shortmid on input line 244.
LaTeX Font Info:    Redeclaring math symbol \shortparallel on input line 245.
LaTeX Font Info:    Redeclaring math symbol \smallsetminus on input line 246.
LaTeX Font Info:    Redeclaring math symbol \thicksim on input line 247.
LaTeX Font Info:    Redeclaring math symbol \thickapprox on input line 248.
LaTeX Font Info:    Redeclaring math symbol \approxeq on input line 249.
LaTeX Font Info:    Redeclaring math symbol \succapprox on input line 250.
LaTeX Font Info:    Redeclaring math symbol \precapprox on input line 251.
LaTeX Font Info:    Redeclaring math symbol \curvearrowleft on input line 252.
LaTeX Font Info:    Redeclaring math symbol \curvearrowright on input line 253.

LaTeX Font Info:    Redeclaring math symbol \digamma on input line 254.
LaTeX Font Info:    Redeclaring math symbol \varkappa on input line 255.
LaTeX Font Info:    Redeclaring math symbol \Bbbk on input line 256.
LaTeX Font Info:    Redeclaring math symbol \hslash on input line 257.
LaTeX Font Info:    Redeclaring math symbol \backepsilon on input line 260.
)
(/usr/local/texlive/2012/texmf-dist/tex/latex/tools/longtable.sty
Package: longtable 2004/02/01 v4.11 Multi-page Table package (DPC)
\LTleft=\skip47
\LTright=\skip48
\LTpre=\skip49
\LTpost=\skip50
\LTchunksize=\count98
\LTcapwidth=\dimen119
\LT@head=\box30
\LT@firsthead=\box31
\LT@foot=\box32
\LT@lastfoot=\box33
\LT@cols=\count99
\LT@rows=\count100
\c@LT@tables=\count101
\c@LT@chunks=\count102
\LT@p@ftn=\toks19
)
(/usr/local/texlive/2012/texmf-dist/tex/latex/float/float.sty
Package: float 2001/11/08 v1.3d Float enhancements (AL)
\c@float@type=\count103
\float@exts=\toks20
\float@box=\box34
\@float@everytoks=\toks21
\@floatcapt=\box35
)
(/usr/local/texlive/2012/texmf-dist/tex/latex/subfigure/subfigure.sty
Package: subfigure 2002/03/15 v2.1.5 subfigure package
\subfigtopskip=\skip51
\subfigcapskip=\skip52
\subfigcaptopadj=\dimen120
\subfigbottomskip=\skip53
\subfigcapmargin=\dimen121
\subfiglabelskip=\skip54
\c@subfigure=\count104
\c@lofdepth=\count105
\c@subtable=\count106
\c@lotdepth=\count107

****************************************
* Local config file subfigure.cfg used *
****************************************
(/usr/local/texlive/2012/texmf-dist/tex/latex/subfigure/subfigure.cfg)
\subfig@top=\skip55
\subfig@bottom=\skip56
)
(/usr/local/texlive/2012/texmf-dist/tex/latex/hyperref/hyperref.sty
Package: hyperref 2012/05/13 v6.82q Hypertext links for LaTeX

(/usr/local/texlive/2012/texmf-dist/tex/generic/oberdiek/hobsub-hyperref.sty
Package: hobsub-hyperref 2012/05/28 v1.13 Bundle oberdiek, subset hyperref (HO)


(/usr/local/texlive/2012/texmf-dist/tex/generic/oberdiek/hobsub-generic.sty
Package: hobsub-generic 2012/05/28 v1.13 Bundle oberdiek, subset generic (HO)
Package: hobsub 2012/05/28 v1.13 Construct package bundles (HO)
Package hobsub Info: Skipping package `infwarerr' (already loaded).
Package hobsub Info: Skipping package `ltxcmds' (already loaded).
Package: ifluatex 2010/03/01 v1.3 Provides the ifluatex switch (HO)
Package ifluatex Info: LuaTeX not detected.
Package hobsub Info: Skipping package `ifvtex' (already loaded).
Package: intcalc 2007/09/27 v1.1 Expandable calculations with integers (HO)
Package hobsub Info: Skipping package `ifpdf' (already loaded).
Package: etexcmds 2011/02/16 v1.5 Avoid name clashes with e-TeX commands (HO)
Package etexcmds Info: Could not find \expanded.
(etexcmds)             That can mean that you are not using pdfTeX 1.50 or
(etexcmds)             that some package has redefined \expanded.
(etexcmds)             In the latter case, load this package earlier.
Package: kvsetkeys 2012/04/25 v1.16 Key value parser (HO)
Package: kvdefinekeys 2011/04/07 v1.3 Define keys (HO)
Package: pdftexcmds 2011/11/29 v0.20 Utility functions of pdfTeX for LuaTeX (HO
)
Package pdftexcmds Info: LuaTeX not detected.
Package pdftexcmds Info: \pdf@primitive is available.
Package pdftexcmds Info: \pdf@ifprimitive is available.
Package pdftexcmds Info: \pdfdraftmode found.
Package: pdfescape 2011/11/25 v1.13 Implements pdfTeX's escape features (HO)
Package: bigintcalc 2012/04/08 v1.3 Expandable calculations on big integers (HO
)
Package: bitset 2011/01/30 v1.1 Handle bit-vector datatype (HO)
Package: uniquecounter 2011/01/30 v1.2 Provide unlimited unique counter (HO)
)
Package hobsub Info: Skipping package `hobsub' (already loaded).
Package: letltxmacro 2010/09/02 v1.4 Let assignment for LaTeX macros (HO)
Package: hopatch 2012/05/28 v1.2 Wrapper for package hooks (HO)
Package: xcolor-patch 2011/01/30 xcolor patch
Package: atveryend 2011/06/30 v1.8 Hooks at the very end of document (HO)
Package atveryend Info: \enddocument detected (standard20110627).
Package: atbegshi 2011/10/05 v1.16 At begin shipout hook (HO)
Package: refcount 2011/10/16 v3.4 Data extraction from label references (HO)
Package: hycolor 2011/01/30 v1.7 Color options for hyperref/bookmark (HO)
)
(/usr/local/texlive/2012/texmf-dist/tex/latex/oberdiek/kvoptions.sty
Package: kvoptions 2011/06/30 v3.11 Key value format for package options (HO)
)
\@linkdim=\dimen122
\Hy@linkcounter=\count108
\Hy@pagecounter=\count109

(/usr/local/texlive/2012/texmf-dist/tex/latex/hyperref/pd1enc.def
File: pd1enc.def 2012/05/13 v6.82q Hyperref: PDFDocEncoding definition (HO)
)
\Hy@SavedSpaceFactor=\count110

(/usr/local/texlive/2012/texmf-dist/tex/latex/latexconfig/hyperref.cfg
File: hyperref.cfg 2002/06/06 v1.2 hyperref configuration of TeXLive
)
Package hyperref Info: Option `final' set `true' on input line 3941.
Package hyperref Info: Hyper figures OFF on input line 4062.
Package hyperref Info: Link nesting OFF on input line 4067.
Package hyperref Info: Hyper index ON on input line 4070.
Package hyperref Info: Plain pages OFF on input line 4077.
Package hyperref Info: Backreferencing OFF on input line 4082.
Package hyperref Info: Implicit mode ON; LaTeX internals redefined.
Package hyperref Info: Bookmarks ON on input line 4300.
\c@Hy@tempcnt=\count111

(/usr/local/texlive/2012/texmf-dist/tex/latex/url/url.sty
\Urlmuskip=\muskip10
Package: url 2006/04/12  ver 3.3  Verb mode for urls, etc.
)
LaTeX Info: Redefining \url on input line 4653.
\Fld@menulength=\count112
\Field@Width=\dimen123
\Fld@charsize=\dimen124
Package hyperref Info: Hyper figures OFF on input line 5773.
Package hyperref Info: Link nesting OFF on input line 5778.
Package hyperref Info: Hyper index ON on input line 5781.
Package hyperref Info: backreferencing OFF on input line 5788.
Package hyperref Info: Link coloring OFF on input line 5793.
Package hyperref Info: Link coloring with OCG OFF on input line 5798.
Package hyperref Info: PDF/A mode OFF on input line 5803.
LaTeX Info: Redefining \ref on input line 5843.
LaTeX Info: Redefining \pageref on input line 5847.
\Hy@abspage=\count113
\c@Item=\count114
\c@Hfootnote=\count115
)

Package hyperref Message: Driver (autodetected): hpdftex.

(/usr/local/texlive/2012/texmf-dist/tex/latex/hyperref/hpdftex.def
File: hpdftex.def 2012/05/13 v6.82q Hyperref driver for pdfTeX
\Fld@listcount=\count116
\c@bookmark@seq@number=\count117

(/usr/local/texlive/2012/texmf-dist/tex/latex/oberdiek/rerunfilecheck.sty
Package: rerunfilecheck 2011/04/15 v1.7 Rerun checks for auxiliary files (HO)
Package uniquecounter Info: New unique counter `rerunfilecheck' on input line 2
82.
)
\Hy@SectionHShift=\skip57
)
(./main-ist.aux

LaTeX Warning: Label `tab:appendix:workpract' multiply defined.

)
\openout1 = `main-ist.aux'.

LaTeX Font Info:    Checking defaults for OML/txmi/m/it on input line 89.
LaTeX Font Info:    Try loading font information for OML+txmi on input line 89.

 (/usr/local/texlive/2012/texmf-dist/tex/latex/txfonts/omltxmi.fd
File: omltxmi.fd 2000/12/15 v3.1
)
LaTeX Font Info:    ... okay on input line 89.
LaTeX Font Info:    Checking defaults for T1/cmr/m/n on input line 89.
LaTeX Font Info:    ... okay on input line 89.
LaTeX Font Info:    Checking defaults for OT1/cmr/m/n on input line 89.
LaTeX Font Info:    ... okay on input line 89.
LaTeX Font Info:    Checking defaults for OMS/txsy/m/n on input line 89.
LaTeX Font Info:    Try loading font information for OMS+txsy on input line 89.


(/usr/local/texlive/2012/texmf-dist/tex/latex/txfonts/omstxsy.fd
File: omstxsy.fd 2000/12/15 v3.1
)
LaTeX Font Info:    ... okay on input line 89.
LaTeX Font Info:    Checking defaults for OMX/txex/m/n on input line 89.
LaTeX Font Info:    Try loading font information for OMX+txex on input line 89.


(/usr/local/texlive/2012/texmf-dist/tex/latex/txfonts/omxtxex.fd
File: omxtxex.fd 2000/12/15 v3.1
)
LaTeX Font Info:    ... okay on input line 89.
LaTeX Font Info:    Checking defaults for U/txexa/m/n on input line 89.
LaTeX Font Info:    Try loading font information for U+txexa on input line 89.

(/usr/local/texlive/2012/texmf-dist/tex/latex/txfonts/utxexa.fd
File: utxexa.fd 2000/12/15 v3.1
)
LaTeX Font Info:    ... okay on input line 89.
LaTeX Font Info:    Checking defaults for PD1/pdf/m/n on input line 89.
LaTeX Font Info:    ... okay on input line 89.
LaTeX Font Info:    Try loading font information for OT1+txr on input line 89.

(/usr/local/texlive/2012/texmf-dist/tex/latex/txfonts/ot1txr.fd
File: ot1txr.fd 2000/12/15 v3.1
)
(/usr/local/texlive/2012/texmf-dist/tex/context/base/supp-pdf.mkii
[Loading MPS to PDF converter (version 2006.09.02).]
\scratchcounter=\count118
\scratchdimen=\dimen125
\scratchbox=\box36
\nofMPsegments=\count119
\nofMParguments=\count120
\everyMPshowfont=\toks22
\MPscratchCnt=\count121
\MPscratchDim=\dimen126
\MPnumerator=\count122
\makeMPintoPDFobject=\count123
\everyMPtoPDFconversion=\toks23
) (/usr/local/texlive/2012/texmf-dist/tex/latex/oberdiek/epstopdf-base.sty
Package: epstopdf-base 2010/02/09 v2.5 Base part for package epstopdf

(/usr/local/texlive/2012/texmf-dist/tex/latex/oberdiek/grfext.sty
Package: grfext 2010/08/19 v1.1 Manage graphics extensions (HO)
)
Package grfext Info: Graphics extension search list:
(grfext)             [.png,.pdf,.jpg,.mps,.jpeg,.jbig2,.jb2,.PNG,.PDF,.JPG,.JPE
G,.JBIG2,.JB2,.eps]
(grfext)             \AppendGraphicsExtensions on input line 452.

(/usr/local/texlive/2012/texmf-dist/tex/latex/latexconfig/epstopdf-sys.cfg
File: epstopdf-sys.cfg 2010/07/13 v1.3 Configuration of (r)epstopdf for TeX Liv
e
))
*geometry* driver: auto-detecting
*geometry* detected driver: pdftex
*geometry* verbose mode - [ preamble ] result:
* driver: pdftex
* paper: custom
* layout: <same size as paper>
* layoutoffset:(h,v)=(0.0pt,0.0pt)
* hratio: 1:1
* vratio: 1:1
* modes: 
* h-part:(L,W,R)=(37.75394pt, 522.0pt, 37.75394pt)
* v-part:(T,H,B)=(81.52342pt, 682.0pt, 81.52342pt)
* \paperwidth=597.50787pt
* \paperheight=845.04684pt
* \textwidth=522.0pt
* \textheight=682.0pt
* \oddsidemargin=-34.51605pt
* \evensidemargin=-34.51605pt
* \topmargin=-52.74657pt
* \headheight=50.0pt
* \headsep=12.0pt
* \topskip=10.0pt
* \footskip=18.0pt
* \marginparwidth=4.0pt
* \marginparsep=10.0pt
* \columnsep=18.0pt
* \skip\footins=24.0pt plus 2.0pt minus 12.0pt
* \hoffset=0.0pt
* \voffset=0.0pt
* \mag=1000
* \@twocolumntrue
* \@twosidefalse
* \@mparswitchfalse
* \@reversemarginfalse
* (1in=72.27pt=25.4mm, 1cm=28.453pt)

\AtBeginShipoutBox=\box37
Package hyperref Info: Link coloring OFF on input line 89.
(/usr/local/texlive/2012/texmf-dist/tex/latex/hyperref/nameref.sty
Package: nameref 2010/04/30 v2.40 Cross-referencing by name of section

(/usr/local/texlive/2012/texmf-dist/tex/generic/oberdiek/gettitlestring.sty
Package: gettitlestring 2010/12/03 v1.4 Cleanup title references (HO)
)
\c@section@level=\count124
)
LaTeX Info: Redefining \ref on input line 89.
LaTeX Info: Redefining \pageref on input line 89.
LaTeX Info: Redefining \nameref on input line 89.

(./main-ist.out) (./main-ist.out)
\@outlinefile=\write4
\openout4 = `main-ist.out'.

LaTeX Font Info:    Try loading font information for U+txmia on input line 165.


(/usr/local/texlive/2012/texmf-dist/tex/latex/txfonts/utxmia.fd
File: utxmia.fd 2000/12/15 v3.1
)
LaTeX Font Info:    Try loading font information for U+msa on input line 165.

(/usr/local/texlive/2012/texmf-dist/tex/latex/amsfonts/umsa.fd
File: umsa.fd 2009/06/22 v3.00 AMS symbols A
)
LaTeX Font Info:    Try loading font information for U+msb on input line 165.

(/usr/local/texlive/2012/texmf-dist/tex/latex/amsfonts/umsb.fd
File: umsb.fd 2009/06/22 v3.00 AMS symbols B
)
LaTeX Font Info:    Try loading font information for U+txsyc on input line 165.


(/usr/local/texlive/2012/texmf-dist/tex/latex/txfonts/utxsyc.fd
File: utxsyc.fd 2000/12/15 v3.1
)
Underfull \vbox (badness 10000) has occurred while \output is active []

 [1



{/usr/local/texlive/2012/texmf-var/fonts/map/pdftex/updmap/pdftex.map}] (./main
-ist.toc)
\tf@toc=\write5
\openout5 = `main-ist.toc'.

 [2]
LaTeX Font Info:    Try loading font information for OMS+txr on input line 214.

 (/usr/local/texlive/2012/texmf-dist/tex/latex/txfonts/omstxr.fd
File: omstxr.fd 2000/12/15 v3.1
)
LaTeX Font Info:    Font shape `OMS/txr/m/n' in size <9> not available
(Font)              Font shape `OMS/txsy/m/n' tried instead on input line 214.
 [3


]
Missing character: There is no ‚ in font txr!
Missing character: There is no Ä in font txr!
Missing character: There is no ú in font txr!
Missing character: There is no ‚ in font txr!
Missing character: There is no Ä in font txr!
Missing character: There is no ù in font txr!
Missing character: There is no ‚ in font txr!
Missing character: There is no Ä in font txr!
Missing character: There is no ú in font txr!
Missing character: There is no ‚ in font txr!
Missing character: There is no Ä in font txr!
Missing character: There is no ù in font txr!
Missing character: There is no ‚ in font txr!
Missing character: There is no Ä in font txr!
Missing character: There is no ú in font txr!
Missing character: There is no ‚ in font txr!
Missing character: There is no Ä in font txr!
Missing character: There is no ù in font txr!
Missing character: There is no ‚ in font txr!
Missing character: There is no Ä in font txr!
Missing character: There is no ú in font txr!
Missing character: There is no ‚ in font txr!
Missing character: There is no Ä in font txr!
Missing character: There is no ù in font txr!
Missing character: There is no ‚ in font txr!
Missing character: There is no Ä in font txr!
Missing character: There is no ú in font txr!
Missing character: There is no ‚ in font txr!
Missing character: There is no Ä in font txr!
Missing character: There is no ù in font txr!


LaTeX Warning: Reference `sect:res:ms:rq1-3' on page 4 undefined on input line 
248.

Missing character: There is no ‚ in font txr!
Missing character: There is no Ä in font txr!
Missing character: There is no ô in font txr!

LaTeX Warning: Reference `sect:res:ms' on page 4 undefined on input line 258.

[4]
Missing character: There is no ‚ in font txr!
Missing character: There is no Ä in font txr!
Missing character: There is no ô in font txr!

Underfull \hbox (badness 1237) in paragraph at lines 269--270
[]\OT1/txr/m/n/9 One of the most ap-pro-pri-ate method-olo-gies, which helps re
-
 []

<figures/process_overview.png, id=360, 875.37038pt x 532.26855pt>
File: figures/process_overview.png Graphic file (type png)

<use figures/process_overview.png>
Package pdftex.def Info: figures/process_overview.png used on input line 302.
(pdftex.def)             Requested size: 261.0pt x 158.69907pt.

Overfull \hbox (9.0pt too wide) in paragraph at lines 302--303
 [][] 
 []


LaTeX Warning: Reference `sect:rm:rg' on page 5 undefined on input line 309.

Missing character: There is no ‚ in font txr!
Missing character: There is no Ä in font txr!
Missing character: There is no ô in font txr!
<figures/conduct.png, id=372, 1142.1069pt x 965.5272pt>
File: figures/conduct.png Graphic file (type png)

<use figures/conduct.png>
Package pdftex.def Info: figures/conduct.png used on input line 347.
(pdftex.def)             Requested size: 261.0pt x 220.63751pt.

Overfull \hbox (9.0pt too wide) in paragraph at lines 347--348
 [][] 
 []

[5 <./figures/process_overview.png>]

LaTeX Warning: Reference `a:ms' on page 6 undefined on input line 377.


Underfull \vbox (badness 2334) has occurred while \output is active []


<figures/screening.png, id=397, 1481.2941pt x 816.8919pt>
File: figures/screening.png Graphic file (type png)

<use figures/screening.png>
Package pdftex.def Info: figures/screening.png used on input line 413.
(pdftex.def)             Requested size: 261.0pt x 143.93047pt.

Overfull \hbox (9.0pt too wide) in paragraph at lines 413--414
 [][] 
 []

Missing character: There is no ‚ in font txr!
Missing character: There is no Ä in font txr!
Missing character: There is no ô in font txr!
[6 <./figures/conduct.png> <./figures/screening.png>]

LaTeX Warning: Reference `a:related:management' on page 7 undefined on input li
ne 438.

<figures/exclusion.png, id=416, 737.75626pt x 638.385pt>
File: figures/exclusion.png Graphic file (type png)

<use figures/exclusion.png>
Package pdftex.def Info: figures/exclusion.png used on input line 446.
(pdftex.def)             Requested size: 261.0pt x 225.8441pt.

Overfull \hbox (9.0pt too wide) in paragraph at lines 446--447
 [][] 
 []

<figures/keywording.png, id=418, 735.7086pt x 288.71864pt>
File: figures/keywording.png Graphic file (type png)

<use figures/keywording.png>
Package pdftex.def Info: figures/keywording.png used on input line 466.
(pdftex.def)             Requested size: 261.0pt x 102.42754pt.

Overfull \hbox (9.0pt too wide) in paragraph at lines 466--467
 [][] 
 []


LaTeX Warning: Reference `sect:res:ms:rq1-1' on page 7 undefined on input line 
474.


LaTeX Warning: Reference `sect:res:ms:rq1-1' on page 7 undefined on input line 
481.


LaTeX Warning: Reference `sect:res:ms:rq1-3' on page 7 undefined on input line 
496.

Missing character: There is no ‚ in font txr!
Missing character: There is no Ä in font txr!
Missing character: There is no ô in font txr!
Missing character: There is no ‚ in font txr!
Missing character: There is no Ä in font txr!
Missing character: There is no ô in font txr!
Missing character: There is no ‚ in font txr!
Missing character: There is no Ä in font txr!
Missing character: There is no ô in font txr!
[7 <./figures/exclusion.png> <./figures/keywording.png>]
Missing character: There is no ‚ in font txr!
Missing character: There is no Ä in font txr!
Missing character: There is no ô in font txr!


LaTeX Warning: Reference `a:ms:score-quant' on page 8 undefined on input line 5
88.


LaTeX Warning: Reference `sect:res:ms:summary' on page 8 undefined on input lin
e 588.


LaTeX Warning: Reference `sect:rm:ms:conduct' on page 8 undefined on input line
 611.

[8]
Missing character: There is no ‚ in font txr!
Missing character: There is no Ä in font txr!
Missing character: There is no ô in font txr!
Missing character: There is no ‚ in font txr!
Missing character: There is no Ä in font txr!
Missing character: There is no ô in font txr!


LaTeX Warning: Reference `sect:rm:ms:ranking' on page 9 undefined on input line
 634.

Missing character: There is no ‚ in font txr!
Missing character: There is no Ä in font txr!
Missing character: There is no ô in font txr!

LaTeX Warning: Reference `sect:rm:ms:extraction' on page 9 undefined on input l
ine 644.

[9] [10

]

LaTeX Warning: Reference `sect:res:ms:rq1-1' on page 11 undefined on input line
 793.


LaTeX Warning: Reference `sect:res:ms:rq1-2' on page 11 undefined on input line
 794.


LaTeX Warning: Reference `sect:res:ms:rq1-3' on page 11 undefined on input line
 795.


LaTeX Warning: Reference `sect:res:ms:summary' on page 11 undefined on input li
ne 796.

<figures/year.png, id=488, 577.15625pt x 453.695pt>
File: figures/year.png Graphic file (type png)
 <use figures/year.png>
Package pdftex.def Info: figures/year.png used on input line 807.
(pdftex.def)             Requested size: 261.0pt x 205.17851pt.

Overfull \hbox (9.0pt too wide) in paragraph at lines 807--808
 [][] 
 []

Missing character: There is no ‚ in font txr!
Missing character: There is no Ä in font txr!
Missing character: There is no ô in font txr!

LaTeX Warning: Reference `sect:rm:ms:keywording' on page 11 undefined on input 
line 814.


Underfull \hbox (badness 10000) in paragraph at lines 814--814
[][][]\OT1/txr/m/n/8 The tag cloud was gen-er-ated with the on-line ser-vice
 []


LaTeX Warning: Reference `a:ms' on page 11 undefined on input line 814.

<figures/cloud.png, id=492, 2091.815pt x 2330.7075pt>
File: figures/cloud.png Graphic file (type png)
 <use figures/cloud.png>
Package pdftex.def Info: figures/cloud.png used on input line 819.
(pdftex.def)             Requested size: 261.0pt x 290.80426pt.

Overfull \hbox (9.0pt too wide) in paragraph at lines 819--820
 [][] 
 []

[11

 <./figures/year.png> <./figures/cloud.png (PNG copy)>]
Underfull \hbox (badness 10000) in paragraph at lines 836--836
[]|\OT1/txr/m/n/7 Author
 []


Underfull \hbox (badness 10000) in paragraph at lines 843--843
[]|\OT1/txr/m/n/7 Author
 []


Underfull \hbox (badness 10000) in paragraph at lines 853--853
[]|\OT1/txr/m/n/7 Coleman
 []


Underfull \hbox (badness 10000) in paragraph at lines 854--854
[]|\OT1/txr/m/n/7 Coleman
 []


Underfull \hbox (badness 10000) in paragraph at lines 855--855
[]|\OT1/txr/m/n/7 Coleman
 []


Underfull \hbox (badness 10000) in paragraph at lines 856--856
[]|\OT1/txr/m/n/7 Kajko
 []


Underfull \hbox (badness 10000) in paragraph at lines 858--858
[]|\OT1/txr/m/n/7 Hanna
 []


Underfull \hbox (badness 10000) in paragraph at lines 859--859
[]|\OT1/txr/m/n/7 Deakins
 []


Underfull \hbox (badness 10000) in paragraph at lines 860--860
[]|\OT1/txr/m/n/7 Camel
 []


Underfull \hbox (badness 10000) in paragraph at lines 862--862
[]|\OT1/txr/m/n/7 Midler
 []


Underfull \hbox (badness 10000) in paragraph at lines 863--863
[]|\OT1/txr/m/n/7 Taipale
 []


Underfull \hbox (badness 10000) in paragraph at lines 864--864
[]|\OT1/txr/m/n/7 Chorev
 []


Underfull \hbox (badness 10000) in paragraph at lines 865--865
[]|\OT1/txr/m/n/7 Zettel
 []


Underfull \hbox (badness 10000) in paragraph at lines 866--866
[]|\OT1/txr/m/n/7 Jansen
 []


Underfull \hbox (badness 10000) in paragraph at lines 867--867
[]|\OT1/txr/m/n/7 Sutton
 []


Underfull \hbox (badness 10000) in paragraph at lines 868--868
[]|\OT1/txr/m/n/7 Heitlager
 []


Underfull \hbox (badness 10000) in paragraph at lines 869--869
[]|\OT1/txr/m/n/7 Tingling
 []


Underfull \hbox (badness 10000) in paragraph at lines 871--871
[]|\OT1/txr/m/n/7 Stanfill
 []


Underfull \hbox (badness 10000) in paragraph at lines 872--872
[]|\OT1/txr/m/n/7 Wood
 []


Underfull \hbox (badness 10000) in paragraph at lines 873--873
[]|\OT1/txr/m/n/7 Steenhuis
 []


Underfull \hbox (badness 10000) in paragraph at lines 874--874
[]|\OT1/txr/m/n/7 Yogendra
 []


Underfull \hbox (badness 10000) in paragraph at lines 875--875
[]|\OT1/txr/m/n/7 Ambler
 []


Underfull \hbox (badness 10000) in paragraph at lines 876--876
[]|\OT1/txr/m/n/7 Crowne
 []


Underfull \hbox (badness 10000) in paragraph at lines 877--877
[]|\OT1/txr/m/n/7 Mater
 []


Underfull \hbox (badness 10000) in paragraph at lines 878--878
[]|\OT1/txr/m/n/7 Kakati
 []


Underfull \hbox (badness 10000) in paragraph at lines 879--879
[]|\OT1/txr/m/n/7 Kuvinka
 []


Underfull \hbox (badness 10000) in paragraph at lines 880--880
[]|\OT1/txr/m/n/7 Su-Chuang
 []


Underfull \hbox (badness 10000) in paragraph at lines 883--883
[]|\OT1/txr/m/n/7 Himola
 []


Underfull \hbox (badness 10000) in paragraph at lines 886--886
[]|\OT1/txr/m/n/7 Yoffie
 []


Underfull \hbox (badness 10000) in paragraph at lines 888--888
[]|\OT1/txr/m/n/7 Tanabian
 []


Underfull \hbox (badness 10000) in paragraph at lines 889--889
[]|\OT1/txr/m/n/7 Fayad
 []

[12

] [13


] <figures/FCR.png, id=585, 1892.06876pt x 779.91376pt>
File: figures/FCR.png Graphic file (type png)

<use figures/FCR.png>
Package pdftex.def Info: figures/FCR.png used on input line 913.
(pdftex.def)             Requested size: 417.6016pt x 172.12898pt.
 <figures/CPR.png, id=586, 1790.69pt x 771.88374pt>
File: figures/CPR.png Graphic file (type png)

<use figures/CPR.png>
Package pdftex.def Info: figures/CPR.png used on input line 923.
(pdftex.def)             Requested size: 417.6016pt x 180.0029pt.
 <figures/PFR.png, id=587, 1789.68625pt x 738.76pt>
File: figures/PFR.png Graphic file (type png)

<use figures/PFR.png>
Package pdftex.def Info: figures/PFR.png used on input line 933.
(pdftex.def)             Requested size: 417.6016pt x 172.37991pt.
 [14

 <./figures/FCR.png (PNG copy)> <./figures/CPR.png (PNG copy)> <./figures/PFR.p
ng (PNG copy)>]

LaTeX Warning: Reference `sect:rm:ms:extraction' on page 15 undefined on input 
line 959.

Missing character: There is no ‚ in font txi!
Missing character: There is no Ä in font txi!
Missing character: There is no ú in font txi!
Missing character: There is no ‚ in font txi!
Missing character: There is no Ä in font txi!
Missing character: There is no ù in font txi!
Missing character: There is no ‚ in font txr!
Missing character: There is no Ä in font txr!
Missing character: There is no ô in font txr!
[15

] [16

]

LaTeX Warning: Reference `sect:theory:validation' on page 17 undefined on input
 line 1011.


LaTeX Warning: Reference `sect:theory:generalizab' on page 17 undefined on inpu
t line 1013.

<figures/venue.png, id=728, 329.23pt x 340.27126pt>
File: figures/venue.png Graphic file (type png)
 <use figures/venue.png>
Package pdftex.def Info: figures/venue.png used on input line 1026.
(pdftex.def)             Requested size: 156.6016pt x 161.85378pt.


LaTeX Warning: Reference `sect:rm:ms:rigor-relevance' on page 17 undefined on i
nput line 1033.

[17

 <./figures/venue.png>] [18

]
Missing character: There is no ‚ in font txr!
Missing character: There is no Ä in font txr!
Missing character: There is no ô in font txr!

<figures/rigor-relevance-map.png, id=788, 661.47125pt x 462.72874pt>
File: figures/rigor-relevance-map.png Graphic file (type png)

<use figures/rigor-relevance-map.png>
Package pdftex.def Info: figures/rigor-relevance-map.png used on input line 110
9.
(pdftex.def)             Requested size: 261.0pt x 182.57462pt.

Overfull \hbox (9.0pt too wide) in paragraph at lines 1109--1110
 [][] 
 []

Missing character: There is no ‚ in font txr!
Missing character: There is no Ä in font txr!
Missing character: There is no ô in font txr!

LaTeX Warning: Reference `sect:rm:gt' on page 19 undefined on input line 1129.


LaTeX Warning: Reference `sect:theory:high-level' on page 19 undefined on input
 line 1129.

Missing character: There is no ‚ in font txr!
Missing character: There is no Ä in font txr!
Missing character: There is no ô in font txr!

LaTeX Warning: Reference `sect:rm:ms:screening' on page 19 undefined on input l
ine 1133.

[19

 <./figures/rigor-relevance-map.png (PNG copy)>]
Missing character: There is no ‚ in font txr!
Missing character: There is no Ä in font txr!
Missing character: There is no ô in font txr!


LaTeX Warning: Reference `sect:rm:ms:ranking' on page 20 undefined on input lin
e 1192.

[20]
Underfull \hbox (badness 1400) in paragraph at lines 1229--1230
\OT1/txr/m/n/9 (Ri)gor, (Re)levance, (V)enue, (P)ertinence, (C)ontribution type
,
 []

[21

] [22

]

LaTeX Warning: Reference `a:related:grey' on page 23 undefined on input line 13
16.

[23

]

LaTeX Warning: Reference `sect:rm:ms' on page 24 undefined on input line 1342.


LaTeX Warning: Reference `sect:res' on page 24 undefined on input line 1346.


LaTeX Warning: Reference `sect:res:ms' on page 24 undefined on input line 1346.



Underfull \hbox (badness 1675) in paragraph at lines 1350--1350
[][][]\OT1/txr/m/n/8 Coleman has been per-son-ally con-tacted and he con-firmed
 that the
 []

Missing character: There is no ‚ in font txr!
Missing character: There is no Ä in font txr!
Missing character: There is no ô in font txr!
Missing character: There is no ‚ in font txr!
Missing character: There is no Ä in font txr!
Missing character: There is no ô in font txr!
[24]
Missing character: There is no ‚ in font txr!
Missing character: There is no Ä in font txr!
Missing character: There is no ô in font txr!
Missing character: There is no ‚ in font txr!
Missing character: There is no Ä in font txr!
Missing character: There is no ô in font txr!


LaTeX Warning: Reference `sect:res:ms:summary' on page 25 undefined on input li
ne 1376.


LaTeX Warning: Reference `a:related:grey' on page 25 undefined on input line 13
76.


Underfull \vbox (badness 4859) has occurred while \output is active []

 [25]

LaTeX Warning: Reference `sect:rm:ms:conduct' on page 26 undefined on input lin
e 1474.

[26] [27

] [28]

LaTeX Warning: Reference `sect:res:ms' on page 29 undefined on input line 1553.


[29


]
Underfull \hbox (badness 2772) in paragraph at lines 1577--1577
[]|\OT1/txr/m/n/7 Software Pro-cess, Soft-ware Pro-
 []


Underfull \hbox (badness 2772) in paragraph at lines 1578--1578
[]|\OT1/txr/m/n/7 Software Pro-cess, Soft-ware Pro-
 []


Underfull \hbox (badness 10000) in paragraph at lines 1579--1579
[]|\OT1/txr/m/n/7 Kajko-Mattsson
 []


Underfull \hbox (badness 10000) in paragraph at lines 1579--1579
[]|\OT1/txr/m/n/7 Process im-prove-ment, Soft-ware
 []


Underfull \hbox (badness 10000) in paragraph at lines 1579--1579
\OT1/txr/m/n/7 Pro-cess, Re-lease Man-age-ment,
 []


Underfull \hbox (badness 10000) in paragraph at lines 1579--1579
\OT1/txr/m/n/7 Com-mu-ni-ca-tion, Main-te-nance,
 []


Underfull \hbox (badness 10000) in paragraph at lines 1579--1579
\OT1/txr/m/n/7 Founder, early-stage, Im-prove
 []


Underfull \hbox (badness 10000) in paragraph at lines 1580--1580
[]|\OT1/txr/m/n/7 Founder Back-ground, Founder
 []


Underfull \hbox (badness 10000) in paragraph at lines 1580--1580
\OT1/txr/m/n/7 Teams, IT com-pe-tence, Team,
 []


Underfull \hbox (badness 10000) in paragraph at lines 1584--1584
[]|\OT1/txr/m/n/7 XP, Soft-ware Pro-cess, Ag-ile
 []


Underfull \hbox (badness 10000) in paragraph at lines 1585--1585
[]|\OT1/txr/m/n/7 'While ex-ploita-tion pro-vides vi-tal short-term re-
 []


Underfull \hbox (badness 1377) in paragraph at lines 1585--1585
[]|\OT1/txr/m/n/7 Management, Multi-project, Soft-
 []


Underfull \hbox (badness 3312) in paragraph at lines 1586--1586
[]|\OT1/txr/m/n/7 XP, Lean, Ag-ile Method-olo-gies,
 []


Underfull \hbox (badness 1924) in paragraph at lines 1587--1587
\OT1/txr/m/n/7 flu-enc-ing Fac-tors, Suc-cess, Mar-
 []


Underfull \hbox (badness 2376) in paragraph at lines 1588--1588
[]|\OT1/txr/m/n/7 Process Im-prove-ment, XP, Ag-ile
 []


Underfull \hbox (badness 3942) in paragraph at lines 1588--1588
\OT1/txr/m/n/7 Method-olo-gies, Lightweight pro-
 []


Underfull \hbox (badness 1052) in paragraph at lines 1590--1590
\OT1/txr/m/n/7 Method, third-party, Founder, IT,
 []


Underfull \hbox (badness 10000) in paragraph at lines 1591--1591
\OT1/txr/m/n/7 tion, early-stage,Time-to-market,
 []


Underfull \hbox (badness 1331) in paragraph at lines 1593--1593
\OT1/txr/m/n/7 ware Pro-cess, In-ter-net, Prac-tices,
 []


Underfull \hbox (badness 2809) in paragraph at lines 1595--1595
[]|\OT1/txr/m/n/7 Team Per-for-mance, Mar-ket Fea-
 []


Underfull \hbox (badness 10000) in paragraph at lines 1595--1595
\OT1/txr/m/n/7 si-bil-ity, Man-age-ment, Market-
 []


Underfull \hbox (badness 2573) in paragraph at lines 1595--1595
\OT1/txr/m/n/7 driven Re-quire-ments, early-stage,
 []


Underfull \hbox (badness 10000) in paragraph at lines 1595--1595
\OT1/txr/m/n/7 Founder,Technology-Driven de-ci-
 []


Underfull \hbox (badness 2809) in paragraph at lines 1596--1596
[]|\OT1/txr/m/n/7 'Taken to-gether, these strate-gies pro-vide guid-ance to en-

 []


Underfull \hbox (badness 10000) in paragraph at lines 1597--1597
[]|\OT1/txr/m/n/7 Innovation, Tech-no-log-i-
 []


Underfull \hbox (badness 10000) in paragraph at lines 1597--1597
\OT1/txr/m/n/7 cal De-vel-op-ment, Crit-i-cal
 []


Underfull \hbox (badness 10000) in paragraph at lines 1597--1597
\OT1/txr/m/n/7 Mass,Business,Economic Growth
 []


Underfull \hbox (badness 2913) in paragraph at lines 1598--1598
[]|\OT1/txr/m/n/7 Management, Tech-nol-ogy Driven
 []


Underfull \hbox (badness 2865) in paragraph at lines 1598--1598
\OT1/txr/m/n/7 De-ci-sions, Plan-ning, Mon-i-tor-ing,
 []


Underfull \hbox (badness 6141) in paragraph at lines 1599--1599
[]|\OT1/txr/m/n/7 Agile Method-olo-gies, Web De-
 []


Underfull \hbox (badness 10000) in paragraph at lines 1599--1599
\OT1/txr/m/n/7 vel-op-ment, RUP, Com-par-i-son,
 []


Underfull \hbox (badness 1460) in paragraph at lines 1600--1600
\OT1/txr/m/n/7 to ma-tu-rity is pro-vided, con-sist-ing of three phases:phases:

 []


Underfull \hbox (badness 1418) in paragraph at lines 1600--1600
[]|\OT1/txr/m/n/7 Software Pro-cess, Founder, Life-
 []


Underfull \hbox (badness 5985) in paragraph at lines 1601--1601
\OT1/txr/m/n/7 op-ment, Qual-ity, UX, Time-to-
 []


Underfull \hbox (badness 10000) in paragraph at lines 1602--1602
[]|\OT1/txr/m/n/7 Management, Suc-cess Cri-te-ria,
 []


Underfull \hbox (badness 4328) in paragraph at lines 1603--1603
[]|\OT1/txr/m/n/7 Management, In-ter-net, Busi-ness,
 []


Underfull \hbox (badness 1565) in paragraph at lines 1603--1603
\OT1/txr/m/n/7 Ag-ile Method-olo-gies, early-stage,
 []


Underfull \hbox (badness 1072) in paragraph at lines 1604--1604
[]|\OT1/txr/m/n/7 Value Propo-si-tion, Web De-vel-op-
 []


Underfull \hbox (badness 2042) in paragraph at lines 1605--1605
[]|\OT1/txr/m/n/7 'Technology is not Al-ibaba's core com-pe-tency (non tech-
 []


Underfull \hbox (badness 2617) in paragraph at lines 1607--1607
[]|\OT1/txr/m/n/7 Organizational Fac-tors, Us-abil-ity,
 []


Underfull \hbox (badness 2781) in paragraph at lines 1607--1607
\OT1/txr/m/n/7 Po-lit-i-cal Sup-port, So-ci-ol-ogy, IT,
 []


Underfull \hbox (badness 10000) in paragraph at lines 1608--1608
[]|\OT1/txr/m/n/7 Time-to-market, Im-prove-
 []


Underfull \hbox (badness 10000) in paragraph at lines 1608--1608
\OT1/txr/m/n/7 ment,Business, Man-age-ment,
 []


Underfull \hbox (badness 2150) in paragraph at lines 1609--1609
[]|\OT1/txr/m/n/7 Trust, Cus-tomer Re-la-tion, Ini-tial
 []


Underfull \hbox (badness 1297) in paragraph at lines 1612--1612
[]|\OT1/txr/m/n/7 Open Source, Method, Tool, In-
 []


Underfull \hbox (badness 1226) in paragraph at lines 1613--1613
\OT1/txr/m/n/7 Busi-ness, Team Per-for-mance, IT,
 []

[30

] [31]

LaTeX Warning: Reference `sect:rm:ms:ranking' on page 32 undefined on input lin
e 1631.


LaTeX Warning: Reference `sect:res:ms:summary' on page 32 undefined on input li
ne 1759.

[32

]
Overfull \hbox (2.18643pt too wide) in paragraph at lines 1775--1775
[]|\OT1/txr/m/n/7 References| 
 []


Overfull \hbox (4.36578pt too wide) in paragraph at lines 1775--1776
[]|\OT1/txr/m/n/7 Evidence| 
 []


Overfull \hbox (3.09877pt too wide) in paragraph at lines 1776--1777
[]|\OT1/txr/m/n/7 provided| 
 []


Overfull \hbox (2.18643pt too wide) in paragraph at lines 1780--1780
[]|\OT1/txr/m/n/7 References| 
 []


Overfull \hbox (4.36578pt too wide) in paragraph at lines 1780--1781
[]|\OT1/txr/m/n/7 Evidence| 
 []


Overfull \hbox (3.09877pt too wide) in paragraph at lines 1781--1782
[]|\OT1/txr/m/n/7 provided| 
 []


Overfull \hbox (1.40498pt too wide) in paragraph at lines 1789--1789
[]|\OT1/txr/m/n/7 Managerial/organizational| 
 []


Overfull \hbox (1.40498pt too wide) in paragraph at lines 1790--1790
[]|\OT1/txr/m/n/7 Managerial/organizational| 
 []


Overfull \hbox (1.40498pt too wide) in paragraph at lines 1791--1791
[]|\OT1/txr/m/n/7 Managerial/organizational| 
 []


Overfull \hbox (1.40498pt too wide) in paragraph at lines 1792--1792
[]|\OT1/txr/m/n/7 Managerial/organizational| 
 []


Overfull \hbox (1.40498pt too wide) in paragraph at lines 1793--1793
[]|\OT1/txr/m/n/7 Managerial/organizational| 
 []


Underfull \hbox (badness 10000) in paragraph at lines 1794--1794
[]|\OT1/txr/m/n/7 Communication marketing-
 []


Overfull \hbox (1.40498pt too wide) in paragraph at lines 1794--1794
[]|\OT1/txr/m/n/7 Managerial/organizational| 
 []


Overfull \hbox (1.40498pt too wide) in paragraph at lines 1795--1795
[]|\OT1/txr/m/n/7 Managerial/organizational| 
 []


Overfull \hbox (1.40498pt too wide) in paragraph at lines 1796--1796
[]|\OT1/txr/m/n/7 Managerial/organizational| 
 []


Overfull \hbox (1.40498pt too wide) in paragraph at lines 1797--1797
[]|\OT1/txr/m/n/7 Managerial/organizational| 
 []


Overfull \hbox (1.40498pt too wide) in paragraph at lines 1798--1798
[]|\OT1/txr/m/n/7 Managerial/organizational| 
 []


Overfull \hbox (1.40498pt too wide) in paragraph at lines 1799--1799
[]|\OT1/txr/m/n/7 Managerial/organizational| 
 []


Overfull \hbox (1.40498pt too wide) in paragraph at lines 1800--1800
[]|\OT1/txr/m/n/7 Managerial/organizational| 
 []


Overfull \hbox (1.40498pt too wide) in paragraph at lines 1801--1801
[]|\OT1/txr/m/n/7 Managerial/organizational| 
 []


Overfull \hbox (1.40498pt too wide) in paragraph at lines 1802--1802
[]|\OT1/txr/m/n/7 Managerial/organizational| 
 []


Overfull \hbox (1.40498pt too wide) in paragraph at lines 1803--1803
[]|\OT1/txr/m/n/7 Managerial/organizational| 
 []


Overfull \hbox (1.40498pt too wide) in paragraph at lines 1804--1804
[]|\OT1/txr/m/n/7 Managerial/organizational| 
 []


Overfull \hbox (1.40498pt too wide) in paragraph at lines 1805--1805
[]|\OT1/txr/m/n/7 Managerial/organizational| 
 []


Overfull \hbox (1.40498pt too wide) in paragraph at lines 1806--1806
[]|\OT1/txr/m/n/7 Managerial/organizational| 
 []


Overfull \hbox (1.40498pt too wide) in paragraph at lines 1807--1807
[]|\OT1/txr/m/n/7 Managerial/organizational| 
 []


Overfull \hbox (1.40498pt too wide) in paragraph at lines 1808--1808
[]|\OT1/txr/m/n/7 Managerial/organizational| 
 []


Overfull \hbox (1.40498pt too wide) in paragraph at lines 1809--1809
[]|\OT1/txr/m/n/7 Managerial/organizational| 
 []


Overfull \hbox (1.40498pt too wide) in paragraph at lines 1810--1810
[]|\OT1/txr/m/n/7 Managerial/organizational| 
 []


Overfull \hbox (1.40498pt too wide) in paragraph at lines 1811--1811
[]|\OT1/txr/m/n/7 Managerial/organizational| 
 []


Overfull \hbox (1.40498pt too wide) in paragraph at lines 1812--1812
[]|\OT1/txr/m/n/7 Managerial/organizational| 
 []


Overfull \hbox (1.40498pt too wide) in paragraph at lines 1813--1813
[]|\OT1/txr/m/n/7 Managerial/organizational| 
 []


Overfull \hbox (1.40498pt too wide) in paragraph at lines 1814--1814
[]|\OT1/txr/m/n/7 Managerial/organizational| 
 []


Overfull \hbox (1.40498pt too wide) in paragraph at lines 1815--1815
[]|\OT1/txr/m/n/7 Managerial/organizational| 
 []


Overfull \hbox (1.40498pt too wide) in paragraph at lines 1816--1816
[]|\OT1/txr/m/n/7 Managerial/organizational| 
 []


Overfull \hbox (1.40498pt too wide) in paragraph at lines 1817--1817
[]|\OT1/txr/m/n/7 Managerial/organizational| 
 []


Overfull \hbox (1.40498pt too wide) in paragraph at lines 1818--1818
[]|\OT1/txr/m/n/7 Managerial/organizational| 
 []


Overfull \hbox (1.40498pt too wide) in paragraph at lines 1819--1819
[]|\OT1/txr/m/n/7 Managerial/organizational| 
 []


Overfull \hbox (1.40498pt too wide) in paragraph at lines 1820--1820
[]|\OT1/txr/m/n/7 Managerial/organizational| 
 []


Overfull \hbox (1.40498pt too wide) in paragraph at lines 1821--1821
[]|\OT1/txr/m/n/7 Managerial/organizational| 
 []


Underfull \hbox (badness 2065) in paragraph at lines 1822--1822
[]|\OT1/txr/m/n/7 Dedicated peo-ple to docs and
 []


Overfull \hbox (1.40498pt too wide) in paragraph at lines 1822--1822
[]|\OT1/txr/m/n/7 Managerial/organizational| 
 []


Overfull \hbox (1.40498pt too wide) in paragraph at lines 1823--1823
[]|\OT1/txr/m/n/7 Managerial/organizational| 
 []


Overfull \hbox (1.40498pt too wide) in paragraph at lines 1824--1824
[]|\OT1/txr/m/n/7 Managerial/organizational| 
 []


Overfull \hbox (1.40498pt too wide) in paragraph at lines 1825--1825
[]|\OT1/txr/m/n/7 Managerial/organizational| 
 []


Overfull \hbox (1.40498pt too wide) in paragraph at lines 1826--1826
[]|\OT1/txr/m/n/7 Managerial/organizational| 
 []


Overfull \hbox (1.40498pt too wide) in paragraph at lines 1827--1827
[]|\OT1/txr/m/n/7 Managerial/organizational| 
 []


Overfull \hbox (1.40498pt too wide) in paragraph at lines 1828--1828
[]|\OT1/txr/m/n/7 Managerial/organizational| 
 []


Underfull \hbox (badness 1005) in paragraph at lines 1829--1829
[]|\OT1/txr/m/n/7 Work from home with flex-i-ble
 []


Overfull \hbox (1.40498pt too wide) in paragraph at lines 1829--1829
[]|\OT1/txr/m/n/7 Managerial/organizational| 
 []


Overfull \hbox (1.40498pt too wide) in paragraph at lines 1830--1830
[]|\OT1/txr/m/n/7 Managerial/organizational| 
 []


Overfull \hbox (1.40498pt too wide) in paragraph at lines 1831--1831
[]|\OT1/txr/m/n/7 Managerial/organizational| 
 []


Overfull \hbox (1.40498pt too wide) in paragraph at lines 1832--1832
[]|\OT1/txr/m/n/7 Managerial/organizational| 
 []


Overfull \hbox (1.40498pt too wide) in paragraph at lines 1833--1833
[]|\OT1/txr/m/n/7 Managerial/organizational| 
 []


Overfull \hbox (1.40498pt too wide) in paragraph at lines 1834--1834
[]|\OT1/txr/m/n/7 Managerial/organizational| 
 []


Overfull \hbox (1.40498pt too wide) in paragraph at lines 1835--1835
[]|\OT1/txr/m/n/7 Managerial/organizational| 
 []


Overfull \hbox (1.40498pt too wide) in paragraph at lines 1836--1836
[]|\OT1/txr/m/n/7 Managerial/organizational| 
 []


Overfull \hbox (1.40498pt too wide) in paragraph at lines 1837--1837
[]|\OT1/txr/m/n/7 Managerial/organizational| 
 []


Overfull \hbox (1.40498pt too wide) in paragraph at lines 1838--1838
[]|\OT1/txr/m/n/7 Managerial/organizational| 
 []


Overfull \hbox (1.40498pt too wide) in paragraph at lines 1839--1839
[]|\OT1/txr/m/n/7 Managerial/organizational| 
 []


Overfull \hbox (1.40498pt too wide) in paragraph at lines 1840--1840
[]|\OT1/txr/m/n/7 Managerial/organizational| 
 []


Overfull \hbox (1.40498pt too wide) in paragraph at lines 1841--1841
[]|\OT1/txr/m/n/7 Managerial/organizational| 
 []


Overfull \hbox (1.40498pt too wide) in paragraph at lines 1842--1842
[]|\OT1/txr/m/n/7 Managerial/organizational| 
 []


Overfull \hbox (1.40498pt too wide) in paragraph at lines 1843--1843
[]|\OT1/txr/m/n/7 Managerial/organizational| 
 []


Overfull \hbox (1.40498pt too wide) in paragraph at lines 1844--1844
[]|\OT1/txr/m/n/7 Managerial/organizational| 
 []


Overfull \hbox (1.40498pt too wide) in paragraph at lines 1845--1845
[]|\OT1/txr/m/n/7 Managerial/organizational| 
 []


Overfull \hbox (1.40498pt too wide) in paragraph at lines 1846--1846
[]|\OT1/txr/m/n/7 Managerial/organizational| 
 []


Overfull \hbox (1.40498pt too wide) in paragraph at lines 1847--1847
[]|\OT1/txr/m/n/7 Managerial/organizational| 
 []


Overfull \hbox (1.40498pt too wide) in paragraph at lines 1848--1848
[]|\OT1/txr/m/n/7 Managerial/organizational| 
 []


Underfull \hbox (badness 1348) in paragraph at lines 1866--1866
[]|\OT1/txr/m/n/7 The num-ber of fea-tures up to
 []

[33

]
Underfull \hbox (badness 10000) in paragraph at lines 1920--1920
[]|\OT1/txr/m/n/7 Enterprise ar-chi-tec-tural mod-
 []

[34]
Underfull \hbox (badness 10000) in paragraph at lines 1938--1938
[]|\OT1/txr/m/n/7 Minimum mar-ketable fea-tures
 []


Underfull \hbox (badness 1803) in paragraph at lines 1947--1947
[]|\OT1/txr/m/n/7 Elevate the soft-ware as-sur-ance
 []


Underfull \hbox (badness 7362) in paragraph at lines 1961--1961
[]|\OT1/txr/m/n/7 Update re-quire-ment doc-u-ment
 []


Underfull \hbox (badness 2318) in paragraph at lines 1962--1962
[]|\OT1/txr/m/n/7 Balance con-flicts in pri-or-i-ti-za-
 []

[35]
Overfull \hbox (5.07674pt too wide) in paragraph at lines 2014--2014
[]|\OT1/txr/m/n/7 References| 
 []


Overfull \hbox (11.59323pt too wide) in paragraph at lines 2014--2015
[]|\OT1/txr/m/n/7 Evidence| 
 []


Overfull \hbox (5.07674pt too wide) in paragraph at lines 2019--2019
[]|\OT1/txr/m/n/7 References| 
 []


Overfull \hbox (11.59323pt too wide) in paragraph at lines 2019--2020
[]|\OT1/txr/m/n/7 Evidence| 
 []


Underfull \hbox (badness 1005) in paragraph at lines 2039--2039
[]|\OT1/txr/m/n/7 Prioritization with time box-
 []


Underfull \hbox (badness 1622) in paragraph at lines 2040--2040
[]|\OT1/txr/m/n/7 Balance con-flicts in pri-or-i-ti-
 []


Underfull \hbox (badness 1009) in paragraph at lines 2040--2040
\OT1/txr/m/n/7 za-tion be-tween us-abil-ity and
 []


Underfull \hbox (badness 1112) in paragraph at lines 2048--2048
[]|\OT1/txr/m/n/7 Enterprise ar-chi-tec-tural mod-
 []


Overfull \hbox (8.63242pt too wide) in paragraph at lines 2067--2067
[]|\OT1/txr/m/n/7 Managerial/organizational| 
 []

[36]
Overfull \hbox (8.63242pt too wide) in paragraph at lines 2068--2068
[]|\OT1/txr/m/n/7 Managerial/organizational| 
 []


Overfull \hbox (8.63242pt too wide) in paragraph at lines 2069--2069
[]|\OT1/txr/m/n/7 Managerial/organizational| 
 []


Overfull \hbox (8.63242pt too wide) in paragraph at lines 2070--2070
[]|\OT1/txr/m/n/7 Managerial/organizational| 
 []


Overfull \hbox (8.63242pt too wide) in paragraph at lines 2123--2123
[]|\OT1/txr/m/n/7 Managerial/organizational| 
 []


Overfull \hbox (8.63242pt too wide) in paragraph at lines 2124--2124
[]|\OT1/txr/m/n/7 Managerial/organizational| 
 []


Overfull \hbox (8.63242pt too wide) in paragraph at lines 2125--2125
[]|\OT1/txr/m/n/7 Managerial/organizational| 
 []


Overfull \hbox (8.63242pt too wide) in paragraph at lines 2126--2126
[]|\OT1/txr/m/n/7 Managerial/organizational| 
 []


Overfull \hbox (8.63242pt too wide) in paragraph at lines 2127--2127
[]|\OT1/txr/m/n/7 Managerial/organizational| 
 []

[37]
Overfull \hbox (8.63242pt too wide) in paragraph at lines 2128--2128
[]|\OT1/txr/m/n/7 Managerial/organizational| 
 []


Underfull \hbox (badness 10000) in paragraph at lines 2129--2129
[]|\OT1/txr/m/n/7 Communication marketing-
 []


Overfull \hbox (8.63242pt too wide) in paragraph at lines 2129--2129
[]|\OT1/txr/m/n/7 Managerial/organizational| 
 []


Overfull \hbox (8.63242pt too wide) in paragraph at lines 2130--2130
[]|\OT1/txr/m/n/7 Managerial/organizational| 
 []


Overfull \hbox (8.63242pt too wide) in paragraph at lines 2131--2131
[]|\OT1/txr/m/n/7 Managerial/organizational| 
 []


Overfull \hbox (8.63242pt too wide) in paragraph at lines 2132--2132
[]|\OT1/txr/m/n/7 Managerial/organizational| 
 []


Overfull \hbox (8.63242pt too wide) in paragraph at lines 2133--2133
[]|\OT1/txr/m/n/7 Managerial/organizational| 
 []


Overfull \hbox (8.63242pt too wide) in paragraph at lines 2134--2134
[]|\OT1/txr/m/n/7 Managerial/organizational| 
 []


Overfull \hbox (8.63242pt too wide) in paragraph at lines 2135--2135
[]|\OT1/txr/m/n/7 Managerial/organizational| 
 []


Overfull \hbox (8.63242pt too wide) in paragraph at lines 2136--2136
[]|\OT1/txr/m/n/7 Managerial/organizational| 
 []


Overfull \hbox (8.63242pt too wide) in paragraph at lines 2137--2137
[]|\OT1/txr/m/n/7 Managerial/organizational| 
 []


Overfull \hbox (8.63242pt too wide) in paragraph at lines 2138--2138
[]|\OT1/txr/m/n/7 Managerial/organizational| 
 []


Underfull \hbox (badness 2512) in paragraph at lines 2139--2139
[]|\OT1/txr/m/n/7 Project man-ager takes de-ci-
 []


Overfull \hbox (8.63242pt too wide) in paragraph at lines 2139--2139
[]|\OT1/txr/m/n/7 Managerial/organizational| 
 []


Underfull \hbox (badness 10000) in paragraph at lines 2140--2140
[]|\OT1/txr/m/n/7 Separate de-vel-op-ment from
 []


Overfull \hbox (8.63242pt too wide) in paragraph at lines 2140--2140
[]|\OT1/txr/m/n/7 Managerial/organizational| 
 []


Underfull \hbox (badness 1112) in paragraph at lines 2141--2141
[]|\OT1/txr/m/n/7 Time-to-market as driver for
 []


Overfull \hbox (8.63242pt too wide) in paragraph at lines 2141--2141
[]|\OT1/txr/m/n/7 Managerial/organizational| 
 []


Overfull \hbox (8.63242pt too wide) in paragraph at lines 2142--2142
[]|\OT1/txr/m/n/7 Managerial/organizational| 
 []


Overfull \hbox (8.63242pt too wide) in paragraph at lines 2143--2143
[]|\OT1/txr/m/n/7 Managerial/organizational| 
 []


Overfull \hbox (8.63242pt too wide) in paragraph at lines 2144--2144
[]|\OT1/txr/m/n/7 Managerial/organizational| 
 []


Overfull \hbox (8.63242pt too wide) in paragraph at lines 2145--2145
[]|\OT1/txr/m/n/7 Managerial/organizational| 
 []


Overfull \hbox (8.63242pt too wide) in paragraph at lines 2146--2146
[]|\OT1/txr/m/n/7 Managerial/organizational| 
 []


Overfull \hbox (8.63242pt too wide) in paragraph at lines 2147--2147
[]|\OT1/txr/m/n/7 Managerial/organizational| 
 []


Overfull \hbox (8.63242pt too wide) in paragraph at lines 2148--2148
[]|\OT1/txr/m/n/7 Managerial/organizational| 
 []


Overfull \hbox (8.63242pt too wide) in paragraph at lines 2149--2149
[]|\OT1/txr/m/n/7 Managerial/organizational| 
 []


Overfull \hbox (8.63242pt too wide) in paragraph at lines 2150--2150
[]|\OT1/txr/m/n/7 Managerial/organizational| 
 []


Underfull \hbox (badness 10000) in paragraph at lines 2151--2151
[]|\OT1/txr/m/n/7 Co-locate the de-vel-op-ment
 []


Overfull \hbox (8.63242pt too wide) in paragraph at lines 2151--2151
[]|\OT1/txr/m/n/7 Managerial/organizational| 
 []


Overfull \hbox (8.63242pt too wide) in paragraph at lines 2152--2152
[]|\OT1/txr/m/n/7 Managerial/organizational| 
 []


Underfull \hbox (badness 1810) in paragraph at lines 2153--2153
[]|\OT1/txr/m/n/7 Developers and testers were
 []


Overfull \hbox (8.63242pt too wide) in paragraph at lines 2153--2153
[]|\OT1/txr/m/n/7 Managerial/organizational| 
 []


Overfull \hbox (8.63242pt too wide) in paragraph at lines 2154--2154
[]|\OT1/txr/m/n/7 Managerial/organizational| 
 []


Overfull \hbox (8.63242pt too wide) in paragraph at lines 2155--2155
[]|\OT1/txr/m/n/7 Managerial/organizational| 
 []


Overfull \hbox (8.63242pt too wide) in paragraph at lines 2156--2156
[]|\OT1/txr/m/n/7 Managerial/organizational| 
 []


Overfull \hbox (8.63242pt too wide) in paragraph at lines 2157--2157
[]|\OT1/txr/m/n/7 Managerial/organizational| 
 []


Overfull \hbox (8.63242pt too wide) in paragraph at lines 2158--2158
[]|\OT1/txr/m/n/7 Managerial/organizational| 
 []


Overfull \hbox (8.63242pt too wide) in paragraph at lines 2159--2159
[]|\OT1/txr/m/n/7 Managerial/organizational| 
 []


Overfull \hbox (8.63242pt too wide) in paragraph at lines 2160--2160
[]|\OT1/txr/m/n/7 Managerial/organizational| 
 []


Overfull \hbox (8.63242pt too wide) in paragraph at lines 2161--2161
[]|\OT1/txr/m/n/7 Managerial/organizational| 
 []


Overfull \hbox (8.63242pt too wide) in paragraph at lines 2162--2162
[]|\OT1/txr/m/n/7 Managerial/organizational| 
 []


Overfull \hbox (8.63242pt too wide) in paragraph at lines 2163--2163
[]|\OT1/txr/m/n/7 Managerial/organizational| 
 []


Overfull \hbox (8.63242pt too wide) in paragraph at lines 2164--2164
[]|\OT1/txr/m/n/7 Managerial/organizational| 
 []


Overfull \hbox (8.63242pt too wide) in paragraph at lines 2165--2165
[]|\OT1/txr/m/n/7 Managerial/organizational| 
 []


Overfull \hbox (8.63242pt too wide) in paragraph at lines 2166--2166
[]|\OT1/txr/m/n/7 Managerial/organizational| 
 []


Overfull \hbox (8.63242pt too wide) in paragraph at lines 2167--2167
[]|\OT1/txr/m/n/7 Managerial/organizational| 
 []

[38]
Overfull \hbox (8.63242pt too wide) in paragraph at lines 2168--2168
[]|\OT1/txr/m/n/7 Managerial/organizational| 
 []


Overfull \hbox (8.63242pt too wide) in paragraph at lines 2169--2169
[]|\OT1/txr/m/n/7 Managerial/organizational| 
 []


Overfull \hbox (8.63242pt too wide) in paragraph at lines 2170--2170
[]|\OT1/txr/m/n/7 Managerial/organizational| 
 []


Overfull \hbox (8.63242pt too wide) in paragraph at lines 2171--2171
[]|\OT1/txr/m/n/7 Managerial/organizational| 
 []


Overfull \hbox (8.63242pt too wide) in paragraph at lines 2172--2172
[]|\OT1/txr/m/n/7 Managerial/organizational| 
 []


Overfull \hbox (8.63242pt too wide) in paragraph at lines 2173--2173
[]|\OT1/txr/m/n/7 Managerial/organizational| 
 []


Overfull \hbox (8.63242pt too wide) in paragraph at lines 2174--2174
[]|\OT1/txr/m/n/7 Managerial/organizational| 
 []


Overfull \hbox (8.63242pt too wide) in paragraph at lines 2175--2175
[]|\OT1/txr/m/n/7 Managerial/organizational| 
 []


Overfull \hbox (8.63242pt too wide) in paragraph at lines 2176--2176
[]|\OT1/txr/m/n/7 Managerial/organizational| 
 []


Overfull \hbox (8.63242pt too wide) in paragraph at lines 2177--2177
[]|\OT1/txr/m/n/7 Managerial/organizational| 
 []


Overfull \hbox (8.63242pt too wide) in paragraph at lines 2178--2178
[]|\OT1/txr/m/n/7 Managerial/organizational| 
 []


Underfull \hbox (badness 10000) in paragraph at lines 2212--2212
[]|\OT1/txr/m/n/7 From prod-uct to process-
 []


Underfull \hbox (badness 3919) in paragraph at lines 2224--2224
[]|\OT1/txr/m/n/7 Adopt tech-nolo-gies easy to
 []

[39]
Underfull \hbox (badness 5050) in paragraph at lines 2228--2228
[]|\OT1/txr/m/n/7 Tools and Tech-nolo-
 []


Underfull \hbox (badness 5050) in paragraph at lines 2229--2229
[]|\OT1/txr/m/n/7 Tools and Tech-nolo-
 []


Underfull \hbox (badness 5050) in paragraph at lines 2230--2230
[]|\OT1/txr/m/n/7 Tools and Tech-nolo-
 []


Underfull \hbox (badness 5050) in paragraph at lines 2231--2231
[]|\OT1/txr/m/n/7 Tools and Tech-nolo-
 []


Underfull \hbox (badness 5050) in paragraph at lines 2232--2232
[]|\OT1/txr/m/n/7 Tools and Tech-nolo-
 []

[40] (./main-ist.bbl
Underfull \hbox (badness 1092) in paragraph at lines 254--258
\OT1/txr/m/n/8 Avail-able: []$\OT1/cmtt/m/n/8 http : / / www . sei . cmu . edu 
/ community / td2012/$[] \OT1/txr/m/n/8 (Ac-
 []


Underfull \hbox (badness 10000) in paragraph at lines 312--314
[]\OT1/txr/m/n/8 Engineering Vil-lage. [On-line]. Avail-able: []$\OT1/cmtt/m/n/
8 http : / / www .
 []


Underfull \vbox (badness 10000) has occurred while \output is active []

 [41

]
Underfull \vbox (badness 10000) has occurred while \output is active []


Underfull \hbox (badness 10000) in paragraph at lines 711--713
[]\OT1/txr/m/n/8 P. Thiel. Notes on CS183. [On-line]. Avail-able: []$\OT1/cmtt/
m/n/8 http :
 []


Underfull \hbox (badness 10000) in paragraph at lines 711--713
\OT1/cmtt/m/n/8 / / blakemasters . tumblr . com / post / 21742864570 /
 []


Underfull \hbox (badness 10000) in paragraph at lines 711--713
\OT1/cmtt/m/n/8 peter-[]thiels-[]cs183-[]startup-[]class-[]6-[]notes-[]essay$[]
 \OT1/txr/m/n/8 (Ac-
 []


Underfull \hbox (badness 1048) in paragraph at lines 714--718
[]\OT1/txr/m/n/8 K. Beck, C. An-dres, Ex-treme Pro-gram-ming Ex-plained: Em-bra
ce
 []


Underfull \vbox (badness 10000) has occurred while \output is active []

 [42])
Package atveryend Info: Empty hook `BeforeClearDocument' on input line 2251.

[43

]
Package atveryend Info: Empty hook `AfterLastShipout' on input line 2251.
 (./main-ist.aux)
Package atveryend Info: Executing hook `AtVeryEndDocument' on input line 2251.
Package atveryend Info: Executing hook `AtEndAfterFileList' on input line 2251.

Package rerunfilecheck Info: File `main-ist.out' has not changed.
(rerunfilecheck)             Checksum: 01BE53EB3AD54483DAA999F38323447B;3175.


LaTeX Warning: There were undefined references.


LaTeX Warning: There were multiply-defined labels.

Package atveryend Info: Empty hook `AtVeryVeryEnd' on input line 2251.
 ) 
Here is how much of TeX's memory you used:
 7902 strings out of 493488
 114309 string characters out of 3141326
 315682 words of memory out of 3000000
 10800 multiletter control sequences out of 15000+200000
 50812 words of font info for 119 fonts, out of 3000000 for 9000
 957 hyphenation exceptions out of 8191
 34i,10n,31p,1434b,659s stack positions out of 5000i,500n,10000p,200000b,50000s
{/usr/local/texlive/2012/texmf-dist/fonts/enc/dvips/base/8r.enc}</usr/local/t
exlive/2012/texmf-dist/fonts/type1/public/amsfonts/cm/cmtt8.pfb></usr/local/tex
live/2012/texmf-dist/fonts/type1/public/txfonts/rtxi.pfb></usr/local/texlive/20
12/texmf-dist/fonts/type1/public/txfonts/rtxmi.pfb></usr/local/texlive/2012/tex
mf-dist/fonts/type1/public/txfonts/rtxr.pfb></usr/local/texlive/2012/texmf-dist
/fonts/type1/public/txfonts/txsy.pfb></usr/local/texlive/2012/texmf-dist/fonts/
type1/urw/times/utmb8a.pfb></usr/local/texlive/2012/texmf-dist/fonts/type1/urw/
times/utmr8a.pfb></usr/local/texlive/2012/texmf-dist/fonts/type1/urw/times/utmr
i8a.pfb></usr/local/texlive/2012/texmf-dist/fonts/type1/urw/zapfding/uzdr.pfb>
Output written on main-ist.pdf (43 pages, 4781048 bytes).
PDF statistics:
 1657 PDF objects out of 1728 (max. 8388607)
 1570 compressed objects within 16 object streams
 250 named destinations out of 1000 (max. 500000)
 405 words of extra memory for PDF output out of 10000 (max. 10000000)

